#
# An unexpected error has been detected by HotSpot Virtual Machine:
#
#  SIGSEGV (0xb) at pc=0xf8b39b80, pid=8954, tid=4261
#
# Java VM: Java HotSpot(TM) Server VM (1.5.0-b64 mixed mode)
# Problematic frame:
# J  org.jlab.coda.runcontrol.agents.StemCell.informResult(Ljade/core/AID;Lorg/jlab/coda/runcontrol/agents/ontologies/CodaRunControl/Data;Lorg/jlab/coda/runcontrol/agents/ontologies/CodaRunControl/Loop;Ljava/lang/String;Ljava/lang/String;)V
#

---------------  T H R E A D  ---------------

Current thread (0x0183a030):  JavaThread "Thread-4216" [_thread_in_Java, id=4261]

siginfo:si_signo=11, si_errno=0, si_code=2, si_addr=0xf6d51b34

Registers:
 O0=0x00000001 O1=0xb8788fa8 O2=0x00000017 O3=0x00000000
 O4=0x65407700 O5=0x00000016 O6=0xaab01618 O7=0xf8b39950
 G1=0x00000001 G2=0x0183a030 G3=0xe2ec5a90 G4=0x00000079
 G5=0xb4982696 G6=0xfe748a8c G7=0xaab01d98 Y=0x00000000
 PC=0xf8b39b80 nPC=0xf8b39b84


Top of Stack: (sp=0xaab01618)
0xaab01618:   00030d40 0183a030 00000001 e2ec5ab8
0xaab01628:   f6d51b30 b446a790 b4405430 00000001
0xaab01638:   00000000 b490aa50 b440b8a8 b48d0a80
0xaab01648:   b492d1a8 e2ec5aa0 aab016a0 f8b32b78
0xaab01658:   00000038 00000001 00000064 b44d5850
0xaab01668:   b44d32d8 e7745330 b44bf810 b53586f8
0xaab01678:   b87799f8 e2ec5a38 e2ec5ab8 f6d51b30
0xaab01688:   e2ec5a00 e2ec5a20 e2ec56e0 f6d51bf8 

Instructions: (pc=0xf8b39b80)
0xf8b39b70:   80 a4 20 00 02 40 02 e3 e4 27 60 10 e8 03 a0 6c
0xf8b39b80:   e4 05 20 04 e6 03 a0 68 e0 04 e0 04 e6 04 a0 18 

Stack: [0xaaa82000,0xaab01d98),  sp=0xaab01618,  free space=509k
Native frames: (J=compiled Java code, j=interpreted, Vv=VM code, C=native code)
J  org.jlab.coda.runcontrol.agents.StemCell.informResult(Ljade/core/AID;Lorg/jlab/coda/runcontrol/agents/ontologies/CodaRunControl/Data;Lorg/jlab/coda/runcontrol/agents/ontologies/CodaRunControl/Loop;Ljava/lang/String;Ljava/lang/String;)V
J  org.jlab.coda.runcontrol.agents.StemCell$UDPServer.run()V
v  ~OSRAdapter
v  ~StubRoutines::call_stub
V  [libjvm.so+0x18dfe0]
V  [libjvm.so+0x2adf2c]
V  [libjvm.so+0x2cb9dc]
V  [libjvm.so+0x2c7b6c]
V  [libjvm.so+0x2bf2dc]


---------------  P R O C E S S  ---------------

Java Threads: ( => current thread )
  0x00955e38 JavaThread "Thread-7943" [_thread_blocked, id=7997]
  0x00f0ed48 JavaThread "Image Animator 0" daemon [_thread_blocked, id=4465]
  0x0064f350 JavaThread "Thread-4267" [_thread_in_native, id=4306]
  0x017ca180 JavaThread "Thread-4256" [_thread_in_native, id=4297]
  0x008a2c90 JavaThread "Thread-4257" [_thread_blocked, id=4296]
  0x007bdc90 JavaThread "Thread-4253" [_thread_in_native, id=4295]
  0x007bd028 JavaThread "Thread-4258" [_thread_blocked, id=4294]
  0x0104e020 JavaThread "Thread-4254" [_thread_in_native, id=4293]
  0x007785b0 JavaThread "Thread-4255" [_thread_blocked, id=4292]
  0x017c76f0 JavaThread "Thread-4251" [_thread_blocked, id=4291]
  0x01839090 JavaThread "Thread-4252" [_thread_blocked, id=4290]
  0x007773e0 JavaThread "Thread-4249" [_thread_blocked, id=4289]
  0x00f97680 JavaThread "Thread-4250" [_thread_blocked, id=4288]
  0x007768e8 JavaThread "Thread-4247" [_thread_blocked, id=4287]
  0x008afca8 JavaThread "Thread-4248" [_thread_blocked, id=4286]
  0x018386d0 JavaThread "Thread-4245" [_thread_blocked, id=4285]
  0x006507d8 JavaThread "Thread-4246" [_thread_blocked, id=4284]
=>0x0183a030 JavaThread "Thread-4216" [_thread_in_Java, id=4261]
  0x018392e0 JavaThread "Thread-4222" [_thread_blocked, id=4260]
  0x00fc7a10 JavaThread "Thread-4219" [_thread_blocked, id=4258]
  0x008efc38 JavaThread "Thread-4220" [_thread_blocked, id=4257]
  0x01569ee8 JavaThread "Thread-4217" [_thread_blocked, id=4256]
  0x006186a8 JavaThread "Thread-4218" [_thread_blocked, id=4255]
  0x01569cc8 JavaThread "Thread-4214" [_thread_blocked, id=4254]
  0x01838470 JavaThread "Thread-4215" [_thread_blocked, id=4253]
  0x006039f0 JavaThread "Thread-4181" [_thread_blocked, id=4230]
  0x00602de0 JavaThread "Thread-4190" [_thread_blocked, id=4229]
  0x00617958 JavaThread "Thread-4185" [_thread_in_native, id=4227]
  0x00a3a738 JavaThread "Thread-4183" [_thread_blocked, id=4226]
  0x00a39350 JavaThread "Thread-4189" [_thread_blocked, id=4225]
  0x00b1ae58 JavaThread "Thread-4180" [_thread_blocked, id=4224]
  0x00b1a168 JavaThread "Thread-4186" [_thread_blocked, id=4223]
  0x00645378 JavaThread "Thread-4188" [_thread_blocked, id=4222]
  0x0183afc8 JavaThread "Thread-4182" [_thread_blocked, id=4221]
  0x0183a478 JavaThread "Thread-4187" [_thread_blocked, id=4220]
  0x00fb56a8 JavaThread "Thread-4179" [_thread_blocked, id=4219]
  0x018382b0 JavaThread "Thread-4184" [_thread_blocked, id=4218]
  0x0079b7d8 JavaThread "Thread-4177" [_thread_blocked, id=4217]
  0x018380f0 JavaThread "Thread-4178" [_thread_blocked, id=4216]
  0x00602078 JavaThread "Thread-4175" [_thread_in_native, id=4215]
  0x01837f30 JavaThread "Thread-4176" [_thread_blocked, id=4214]
  0x00655fd0 JavaThread "Thread-4150" [_thread_blocked, id=4191]
  0x010503e8 JavaThread "Thread-4152" [_thread_blocked, id=4190]
  0x00604db0 JavaThread "Thread-4148" [_thread_blocked, id=4188]
  0x00c36310 JavaThread "Thread-4149" [_thread_blocked, id=4187]
  0x00c37ce8 JavaThread "Thread-4146" [_thread_in_native, id=4186]
  0x00605040 JavaThread "Thread-4147" [_thread_blocked, id=4185]
  0x0136abf8 JavaThread "Thread-4144" [_thread_blocked, id=4184]
  0x00601eb8 JavaThread "Thread-4145" [_thread_blocked, id=4183]
  0x00827c90 JavaThread "Thread-4131" [_thread_blocked, id=4171]
  0x01712b18 JavaThread "Thread-4132" [_thread_blocked, id=4170]
  0x001fe9a0 JavaThread "Thread-4129" [_thread_blocked, id=4169]
  0x01573730 JavaThread "Thread-4130" [_thread_blocked, id=4168]
  0x01711e28 JavaThread "Thread-4127" [_thread_blocked, id=4167]
  0x00fb39a0 JavaThread "Thread-4128" [_thread_blocked, id=4166]
  0x00200b68 JavaThread "Thread-4113" [_thread_blocked, id=4154]
  0x002009a8 JavaThread "Thread-4112" [_thread_blocked, id=4153]
  0x00c37948 JavaThread "Thread-4115" [_thread_blocked, id=4152]
  0x00d3a6e0 JavaThread "Thread-4114" [_thread_blocked, id=4151]
  0x008628d0 JavaThread "Thread-3510" [_thread_blocked, id=3549]
  0x013ebf30 JavaThread "PROD" [_thread_in_vm, id=3548]
  0x007f28a0 JavaThread "file_0" [_thread_blocked, id=3546]
  0x00e59990 JavaThread "ER1" [_thread_blocked, id=3544]
  0x010bb4c8 JavaThread "EB1" [_thread_blocked, id=3542]
  0x010ba418 JavaThread "clastrig2" [_thread_blocked, id=3540]
  0x007fc368 JavaThread "ec4" [_thread_blocked, id=3538]
  0x007d9b60 JavaThread "ec3" [_thread_blocked, id=3536]
  0x009b6860 JavaThread "sc2" [_thread_blocked, id=3534]
  0x009b5b40 JavaThread "polar" [_thread_blocked, id=3532]
  0x00f666c0 JavaThread "scaler4" [_thread_blocked, id=3530]
  0x00c542d8 JavaThread "scaler3" [_thread_blocked, id=3528]
  0x010276e0 JavaThread "scaler2" [_thread_blocked, id=3526]
  0x00c5ee68 JavaThread "scaler1" [_thread_blocked, id=3524]
  0x00c5ddb8 JavaThread "lac1" [_thread_blocked, id=3522]
  0x00850ea0 JavaThread "ec2" [_thread_blocked, id=3520]
  0x00a7ae50 JavaThread "ec1" [_thread_blocked, id=3518]
  0x007d63d0 JavaThread "sc1" [_thread_blocked, id=3516]
  0x008e32b8 JavaThread "cc1" [_thread_blocked, id=3514]
  0x008e5310 JavaThread "dc11" [_thread_blocked, id=3512]
  0x008e5150 JavaThread "dc10" [_thread_blocked, id=3510]
  0x008e4f90 JavaThread "dc9" [_thread_blocked, id=3508]
  0x008e30a8 JavaThread "dc8" [_thread_blocked, id=3506]
  0x004a0d00 JavaThread "dc7" [_thread_blocked, id=3504]
  0x006da2a8 JavaThread "dc6" [_thread_blocked, id=3502]
  0x00fa2138 JavaThread "dc5" [_thread_blocked, id=3500]
  0x00a13da0 JavaThread "dc4" [_thread_blocked, id=3498]
  0x0076c6b8 JavaThread "dc3" [_thread_blocked, id=3496]
  0x006de330 JavaThread "dc2" [_thread_blocked, id=3494]
  0x00fa2c60 JavaThread "dc1" [_thread_blocked, id=3492]
  0x00c5f0f8 JavaThread "Thread-713" daemon [_thread_blocked, id=752]
  0x006d43f8 JavaThread "Thread-15" [_thread_blocked, id=53]
  0x004d0180 JavaThread "Thread-14" [_thread_blocked, id=52]
  0x004cf178 JavaThread "TimerQueue" daemon [_thread_blocked, id=50]
  0x001e98b8 JavaThread "AWT-EventQueue-0" [_thread_blocked, id=49]
  0x001e9620 JavaThread "AWT-Shutdown" [_thread_blocked, id=48]
  0x0066af10 JavaThread "AWT-Motif" daemon [_thread_in_native, id=46]
  0x00590748 JavaThread "Java2D Disposer" daemon [_thread_blocked, id=44]
  0x000391f8 JavaThread "DestroyJavaVM" [_thread_blocked, id=1]
  0x00519ca0 JavaThread "Cortex" [_thread_blocked, id=43]
  0x00513158 JavaThread "Hepatic" [_thread_blocked, id=42]
  0x00516b50 JavaThread "GUI" [_thread_blocked, id=41]
  0x0051cb60 JavaThread "df" [_thread_blocked, id=40]
  0x00503420 JavaThread "ams" [_thread_blocked, id=39]
  0x00505d88 JavaThread "Thread-8" [_thread_in_native, id=38]
  0x00505360 JavaThread "Deliverer-4" [_thread_blocked, id=37]
  0x00504fb8 JavaThread "Deliverer-3" [_thread_blocked, id=36]
  0x004b49d8 JavaThread "Deliverer-2" [_thread_blocked, id=35]
  0x004b4548 JavaThread "Deliverer-1" [_thread_blocked, id=34]
  0x004b4140 JavaThread "Deliverer-0" [_thread_blocked, id=33]
  0x00490718 JavaThread "RMI LeaseChecker" daemon [_thread_blocked, id=30]
  0x0048ee50 JavaThread "RMI RenewClean-[129.57.167.14:38342]" daemon [_thread_blocked, id=28]
  0x0048dcb8 JavaThread "RMI TCP Accept-1099" daemon [_thread_in_native, id=26]
  0x00497a58 JavaThread "GC Daemon" daemon [_thread_blocked, id=25]
  0x00497558 JavaThread "RMI Reaper" [_thread_blocked, id=24]
  0x00476040 JavaThread "Timer-0" daemon [_thread_blocked, id=23]
  0x00475a58 JavaThread "RMI TCP Accept-0" daemon [_thread_in_native, id=22]
  0x00475490 JavaThread "JADE Timer dispatcher" [_thread_blocked, id=21]
  0x0017e018 JavaThread "Low Memory Detector" daemon [_thread_blocked, id=19]
  0x0017c768 JavaThread "CompilerThread1" daemon [_thread_blocked, id=18]
  0x0017b900 JavaThread "CompilerThread0" daemon [_thread_blocked, id=17]
  0x0017aa98 JavaThread "AdapterThread" daemon [_thread_blocked, id=16]
  0x00179d70 JavaThread "Signal Dispatcher" daemon [_thread_blocked, id=15]
  0x0016fae8 JavaThread "Finalizer" daemon [_thread_blocked, id=14]
  0x0016dba0 JavaThread "Reference Handler" daemon [_thread_blocked, id=13]

Other Threads:
  0x0016b2f0 VMThread [id=12]
  0x0017fca0 WatcherThread [id=20]

VM state:not at safepoint (normal execution)

VM Mutex/Monitor currently owned by a thread: None

Heap
 PSYoungGen      total 109632K, used 3932K [0xe2eb0000, 0xf6d50000, 0xf8400000)
  eden space 108672K, 2% used [0xe2eb0000,0xe31973f8,0xe98d0000)
  from space 960K, 100% used [0xf6b70000,0xf6c60000,0xf6c60000)
  to   space 960K, 0% used [0xf6c60000,0xf6c60000,0xf6d50000)
 PSOldGen        total 43712K, used 7707K [0xb8400000, 0xbaeb0000, 0xe2eb0000)
  object space 43712K, 17% used [0xb8400000,0xb8b86fe8,0xbaeb0000)
 PSPermGen       total 22016K, used 18111K [0xb4400000, 0xb5980000, 0xb8400000)
  object space 22016K, 82% used [0xb4400000,0xb55afcd8,0xb5980000)

Dynamic libraries:
0x00010000 	/apps/java/jdk1.5.0/bin/java
0xff350000 	/usr/lib/libthread.so.1
0xff340000 	/usr/lib/libdl.so.1
0xff200000 	/usr/lib/libc.so.1
0xff330000 	/usr/platform/SUNW,Ultra-Enterprise/lib/libc_psr.so.1
0xfe000000 	/apps/java/jdk1.5.0/jre/lib/sparc/server/libjvm.so
0xff1e0000 	/usr/lib/libsocket.so.1
0xff2d0000 	/usr/lib/libsched.so.1
0xff1b0000 	/usr/lib/libCrun.so.1
0xff160000 	/usr/lib/libm.so.1
0xff080000 	/usr/lib/libnsl.so.1
0xff140000 	/usr/lib/libmp.so.2
0xff040000 	/apps/java/jdk1.5.0/jre/lib/sparc/native_threads/libhpi.so
0xfe7d0000 	/apps/java/jdk1.5.0/jre/lib/sparc/libverify.so
0xfe790000 	/apps/java/jdk1.5.0/jre/lib/sparc/libjava.so
0xfe770000 	/apps/java/jdk1.5.0/jre/lib/sparc/libzip.so
0xfddd0000 	/apps/java/jdk1.5.0/jre/lib/sparc/libnet.so
0xfa910000 	/apps/java/jdk1.5.0/jre/lib/sparc/librmi.so
0xafe00000 	/apps/java/jdk1.5.0/jre/lib/sparc/libawt.so
0xafc80000 	/apps/java/jdk1.5.0/jre/lib/sparc/libmlib_image.so
0xb2300000 	/apps/java/jdk1.5.0/jre/lib/sparc/motif21/libmawt.so
0xafa00000 	/usr/dt/lib/libXm.so.4
0xf86e0000 	/usr/openwin/lib/libXp.so.1
0xf8590000 	/usr/openwin/lib/libXt.so.4
0xf86b0000 	/usr/openwin/lib/libXext.so.0
0xf8690000 	/usr/openwin/lib/libXtst.so.1
0xaf900000 	/usr/openwin/lib/libX11.so.4
0xf8460000 	/usr/openwin/lib/libSM.so.6
0xf8430000 	/usr/openwin/lib/libICE.so.6
0xaf880000 	/apps/java/jdk1.5.0/jre/lib/sparc/libfontmanager.so
0xb43e0000 	/usr/lib//liblayout.so
0xb43c0000 	/apps/java/jdk1.5.0/jre/lib/sparc/libnio.so
0xb43a0000 	/usr/lib/librt.so.1
0xb42e0000 	/usr/lib/libaio.so.1
0xb42c0000 	/usr/lib/libsendfile.so.1
0xb41c0000 	/apps/java/jdk1.5.0/jre/lib/sparc/libdcpr.so

VM Arguments:
java_command: jade.Boot -file-dir /tmp/ Hepatic:org.jlab.coda.runcontrol.agents.Hepatic Cortex:org.jlab.coda.runcontrol.agents.Cortex GUI:org.jlab.coda.runcontrol.agents.PlexusGUILite("-local" "" "")

Environment Variables:
JAVA_HOME=/apps/java/jdk1.5.0
PATH=/usr/local/clas/root_SunOS_sun4u/bin:/usr/local/clas/cern_SunOS_sun4u/2005/bin:.:/usr/local/clas/release/current/source/coda/src/runcontrol/bin:/apps/java/jdk1.5.0/bin:/apps/ingres/ingres/bin:/apps/ingres/ingres/utility:/bin:/usr/bin:/usr/sbin:/opt/SUNWspro/bin:/usr/ucb:/usr/ccs/bin:/usr/local/bin:/apps/bin:/usr/openwin/bin:/usr/local/system:/usr/local/clas/etc/dab:/apps/smartsockets/ss65/bin:/apps/smartsockets/ss65/bin/sun4_solaris:/usr/local/clas/release/current/source/coda/SunOS_sun4u/bin:/usr/local/clas/release/current/source/coda/common/scripts:/usr/local/clas/release/current/source/coda/src/CDEV/bin/solaris:/usr/local/clas/release/current/SunOS_sun4u/bin:/usr/local/clas/release/current/common/scripts:/usr/local/clas/release/current/VxWorks55/ppc/host/sun4-solaris2/bin:/usr/local/clas/release/current/bin:/usr/local/clas/offline/clas/builds/PRODUCTION/bin/SunOS
LD_LIBRARY_PATH=/apps/java/jdk1.5.0/jre/lib/sparc/server:/apps/java/jdk1.5.0/jre/lib/sparc:/apps/java/jdk1.5.0/jre/../lib/sparc:/usr/local/clas/root_SunOS_sun4u/lib:/apps/ingres/ingres/lib:/apps/smartsockets/ss65/lib/sun4_solaris:/apps/smartsockets/ss65/graphics/sun4_solaris/lib:/usr/dt/lib:/usr/openwin/lib:/usr/lib:/opt/SUNWspro/lib:/usr/local/clas/offline/mysql/lib/mysql:/usr/local/clas/release/current/source/coda/SunOS_sun4u/lib:/usr/local/clas/release/current/source/coda/src/CDEV/lib/solaris:/usr/local/clas/release/current/source/coda/src/CDEV/lib/solaris:/home/epics/R3.13.4/extensions/lib/solaris:/usr/local/clas/release/current/SunOS_sun4u/lib:/usr/local/clas/release/current/lib
SHELL=/bin/tcsh
DISPLAY=clon03:0.0
HOSTTYPE=sun4
OSTYPE=SunOS
MACHTYPE=sparc


---------------  S Y S T E M  ---------------

OS:                       Solaris 8 2/02 s28s_u7wos_08a SPARC
           Copyright 2002 Sun Microsystems, Inc.  All Rights Reserved.
                           Assembled 18 December 2001

uname:SunOS 5.8 Generic_117350-06 sun4u  (T1 libthread)
rlimit: STACK 8192k, CORE infinity, NOFILE 8192, AS infinity
load average:2.13 1.99 1.75

CPU:total 8 has_v8, has_v9, has_vis1

Memory: 8k page, physical 4194304k(690456k free)

vm_info: Java HotSpot(TM) Server VM (1.5.0-b64) for solaris-sparc, built on Sep 15 2004 03:36:05 by unknown with unknown Workshop:0x550

