trconfig: config file >./cmon.config<
MODE             'BAT '
GBOS sdageom.bos
    geometry file >sdageom.bos<
DICT prlink_p1920_0_0_0.5_3.0.bos
    dictionary file >prlink_p1920_0_0_0.5_3.0.bos<
BTOR bgrid_tC.fpk
    torus field file >bgrid_tC.fpk<
BMIN bgrid_m.fpk
    minitorus field >bgrid_m.fpk<
BPOL bgrid_p.fpk
    pol. target field >bgrid_p.fpk<
CBOS cal_48_r22940.bos
    calibration file >cal_48_r22940.bos<
TRIG              55466  2000000    2      0         0       0       0
EVBU       'REVB'
REVB /work/boiarino/clas_055466.A01
    input file >/work/boiarino/clas_055466.A01<
MAGN            'TABL'    1920.0        0.0     0.0
GEOM                        'INIT'
CALI                        'INIT'
TARG               0.00   0.00  0.00   2.50     0.00
BEAM             0.0   2.528  0.00  0.000  0.000  0.000  0.2
STEP                1.0     10.0   0.01
ANAL          4      0     3    3    3    3    3    3     15     0
CUTS   0.0   6.0   6.0   10.0   1.0   15.0   20.0    1.0    0.0  0.0
LOUT 0 0 0 0 1 1 0 0 0 0 0 0 0 0 0 0 0 0 0 0 0 0 0 0 0 0 0 0 0 0 0 0 0 0 0 0
TFIT            5.     0.     2.      0.1     1.
MATX            'MATX'
RNDM                   -1234567
DERR               1.  0.055 0.058  0.062 0.070  0.079 0.100   0.98   0
BGRD     0.   5.0  4.0  2.0  2.0  2.0  2.0 
PRNT                 0     0     0     0     0     0     0
SWIT  1=1
SWIT  2=1
prinit_(): >/usr/local/clas/parms/PRLIB/DICT/prlink_p1920_0_0_0.5_3.0.bos< 0 3 3


Shift table:
  0 >>> -2 -3 -5 -5 -6
  1 >>> -2 -3 -4 -5 -6
  2 >>> -2 -3 -4 -4 -6
  3 >>> -2 -2 -4 -4 -6
  4 >>> -1 -2 -4 -4 -6
  5 >>> -2 -2 -4 -4 -5
  6 >>> -2 -2 -3 -4 -5
  7 >>> -1 -2 -3 -4 -5
  8 >>> -1 -1 -3 -4 -5
  9 >>> -1 -1 -3 -3 -5
 10 >>> -2 -2 -3 -3 -4
 11 >>> -1 -2 -3 -3 -4
 12 >>> -1 -1 -3 -3 -4
 13 >>> -1 -1 -2 -3 -4
 14 >>> -1 -1 -2 -2 -3
 15 >>> -1 -1 -2 -2 -2
 16 >>> -1 -1 -2 -1 -2
 17 >>> -1 -1 -1 -1 -2
 18 >>> -1  0 -1 -1 -2
 19 >>>  0  0 -1 -1 -2
 20 >>> -1 -1 -1 -1 -1
 21 >>> -1  0 -1 -1 -1
 22 >>> -1  0 -1  0 -1
 23 >>>  0  0 -1 -1 -1
 24 >>>  0  0 -1  0 -1
 25 >>>  0  0  0  0 -1
 26 >>> -1  0 -1  0  0
 27 >>> -1  0  0  0  0
 28 >>>  0  0  0  0  0
 29 >>>  1  0  0  0  0
 30 >>>  1  0  1  0  0
 31 >>>  0  0  0  0  1
 32 >>>  0  0  1  0  1
 33 >>>  0  0  1  1  1
 34 >>>  1  0  1  0  1
 35 >>>  1  0  1  1  1
 36 >>>  1  1  1  1  1
 37 >>>  0  0  1  1  2
 38 >>>  1  0  1  1  2
 39 >>>  1  1  1  1  2
 40 >>>  1  1  2  1  2
 41 >>>  1  1  2  2  2
 42 >>>  1  1  2  2  3
 43 >>>  1  1  2  3  4
 44 >>>  1  1  3  3  4
 45 >>>  1  2  3  3  4
 46 >>>  2  2  3  3  4
 47 >>>  1  1  3  3  5
 48 >>>  1  1  3  4  5
 49 >>>  1  2  3  4  5
 50 >>>  2  2  3  4  5
 51 >>>  2  2  4  4  5
 52 >>>  1  2  4  4  6
 53 >>>  2  2  4  4  6
 54 >>>  2  3  4  4  6
 55 >>>  2  3  4  5  6
 56 >>>  2  3  5  5  6




Differential shift table:
  1 >>>  0  0  1  0  0
  2 >>>  0  0  0  1  0
  3 >>>  0  1  0  0  0
  4 >>>  1  0  0  0  0
  5 >>> -1  0  0  0  1
  6 >>>  0  0  1  0  0
  7 >>>  1  0  0  0  0
  8 >>>  0  1  0  0  0
  9 >>>  0  0  0  1  0
 10 >>> -1 -1  0  0  1
 11 >>>  1  0  0  0  0
 12 >>>  0  1  0  0  0
 13 >>>  0  0  1  0  0
 14 >>>  0  0  0  1  1
 15 >>>  0  0  0  0  1
 16 >>>  0  0  0  1  0
 17 >>>  0  0  1  0  0
 18 >>>  0  1  0  0  0
 19 >>>  1  0  0  0  0
 20 >>> -1 -1  0  0  1
 21 >>>  0  1  0  0  0
 22 >>>  0  0  0  1  0
 23 >>>  1  0  0 -1  0
 24 >>>  0  0  0  1  0
 25 >>>  0  0  1  0  0
 26 >>> -1  0 -1  0  1
 27 >>>  0  0  1  0  0
 28 >>>  1  0  0  0  0
 29 >>>  1  0  0  0  0
 30 >>>  0  0  1  0  0
 31 >>> -1  0 -1  0  1
 32 >>>  0  0  1  0  0
 33 >>>  0  0  0  1  0
 34 >>>  1  0  0 -1  0
 35 >>>  0  0  0  1  0
 36 >>>  0  1  0  0  0
 37 >>> -1 -1  0  0  1
 38 >>>  1  0  0  0  0
 39 >>>  0  1  0  0  0
 40 >>>  0  0  1  0  0
 41 >>>  0  0  0  1  0
 42 >>>  0  0  0  0  1
 43 >>>  0  0  0  1  1
 44 >>>  0  0  1  0  0
 45 >>>  0  1  0  0  0
 46 >>>  1  0  0  0  0
 47 >>> -1 -1  0  0  1
 48 >>>  0  0  0  1  0
 49 >>>  0  1  0  0  0
 50 >>>  1  0  0  0  0
 51 >>>  0  0  1  0  0
 52 >>> -1  0  0  0  1
 53 >>>  1  0  0  0  0
 54 >>>  0  1  0  0  0
 55 >>>  0  0  0  1  0
 56 >>>  0  0  1  0  0


sginit completed
fparm_: ->OPEN INPUT UNIT=57 FILE="/usr/local/clas/parms/PRLIB/DICT/prlink_p1920_0_0_0.5_3.0.bos"<-
file[ 0]->/usr/local/clas/parms/PRLIB/DICT/prlink_p1920_0_0_0.5_3.0.bos<-
 DSEG            1   1346      1   1346    I ---> max_npat=200
max_lnk=71733 max_npat=200
 DAXI            0   7375      4   7375    B08
 DSTE            0   7375      4   7375    B08
 DMOM            0   7375      2   7375    B16
 DSLP            0  30117      1  30117    B08
 DVEC            0   7375     11  81125    I08
 DAXI            1  19801      4  19801    B08
 DSTE            1  19801      4  19801    B08
 DMOM            1  19801      2  19801    B16
 DSLP            1  97605      1  97605    B08
 DVEC            1  19801     11 217811    I08
 DAXI            2  30953      4  30953    B08
 DSTE            2  30953      4  30953    B08
 DMOM            2  30953      2  30953    B16
 DSLP            2 158427      1 158427    B08
 DVEC            2  30953     11 340483    I08
 DAXI            3  36378      4  36378    B08
 DSTE            3  36378      4  36378    B08
 DMOM            3  36378      2  36378    B16
 DSLP            3 185641      1 185641    B08
 DVEC            3  36378     11 400158    I08
 DAXI            4  38834      4  38834    B08
 DSTE            4  38834      4  38834    B08
 DMOM            4  38834      2  38834    B16
 DSLP            4 197548      1 197548    B08
 DVEC            4  38834     11 427174    I08
 DAXI            5  40886      4  40886    B08
 DSTE            5  40886      4  40886    B08
 DMOM            5  40886      2  40886    B16
 DSLP            5 209239      1 209239    B08
 DVEC            5  40886     11 449746    I08
 DAXI            6  40363      4  40363    B08
 DSTE            6  40363      4  40363    B08
 DMOM            6  40363      2  40363    B16
 DSLP            6 205213      1 205213    B08
 DVEC            6  40363     11 443993    I08
 DAXI            7  40950      4  40950    B08
 DSTE            7  40950      4  40950    B08
 DMOM            7  40950      2  40950    B16
 DSLP            7 208260      1 208260    B08
 DVEC            7  40950     11 450450    I08
 DAXI            8  43371      4  43371    B08
 DSTE            8  43371      4  43371    B08
 DMOM            8  43371      2  43371    B16
 DSLP            8 221276      1 221276    B08
 DVEC            8  43371     11 477081    I08
 DAXI            9  44556      4  44556    B08
 DSTE            9  44556      4  44556    B08
 DMOM            9  44556      2  44556    B16
 DSLP            9 228397      1 228397    B08
 DVEC            9  44556     11 490116    I08
 DAXI           10  46384      4  46384    B08
 DSTE           10  46384      4  46384    B08
 DMOM           10  46384      2  46384    B16
 DSLP           10 238685      1 238685    B08
 DVEC           10  46384     11 510224    I08
 DAXI           11  49169      4  49169    B08
 DSTE           11  49169      4  49169    B08
 DMOM           11  49169      2  49169    B16
 DSLP           11 253830      1 253830    B08
 DVEC           11  49169     11 540859    I08
 DAXI           12  51059      4  51059    B08
 DSTE           12  51059      4  51059    B08
 DMOM           12  51059      2  51059    B16
 DSLP           12 263346      1 263346    B08
 DVEC           12  51059     11 561649    I08
 DAXI           13  51988      4  51988    B08
 DSTE           13  51988      4  51988    B08
 DMOM           13  51988      2  51988    B16
 DSLP           13 267994      1 267994    B08
 DVEC           13  51988     11 571868    I08
 DAXI           14  52852      4  52852    B08
 DSTE           14  52852      4  52852    B08
 DMOM           14  52852      2  52852    B16
 DSLP           14 272715      1 272715    B08
 DVEC           14  52852     11 581372    I08
 DAXI           15  54593      4  54593    B08
 DSTE           15  54593      4  54593    B08
 DMOM           15  54593      2  54593    B16
 DSLP           15 282321      1 282321    B08
 DVEC           15  54593     11 600523    I08
 DAXI           16  55857      4  55857    B08
 DSTE           16  55857      4  55857    B08
 DMOM           16  55857      2  55857    B16
 DSLP           16 290187      1 290187    B08
 DVEC           16  55857     11 614427    I08
 DAXI           17  56810      4  56810    B08
 DSTE           17  56810      4  56810    B08
 DMOM           17  56810      2  56810    B16
 DSLP           17 296197      1 296197    B08
 DVEC           17  56810     11 624910    I08
 DAXI           18  57688      4  57688    B08
 DSTE           18  57688      4  57688    B08
 DMOM           18  57688      2  57688    B16
 DSLP           18 301530      1 301530    B08
 DVEC           18  57688     11 634568    I08
 DAXI           19  58211      4  58211    B08
 DSTE           19  58211      4  58211    B08
 DMOM           19  58211      2  58211    B16
 DSLP           19 304334      1 304334    B08
 DVEC           19  58211     11 640321    I08
 DAXI           20  58332      4  58332    B08
 DSTE           20  58332      4  58332    B08
 DMOM           20  58332      2  58332    B16
 DSLP           20 305828      1 305828    B08
 DVEC           20  58332     11 641652    I08
 DAXI           21  58493      4  58493    B08
 DSTE           21  58493      4  58493    B08
 DMOM           21  58493      2  58493    B16
 DSLP           21 306873      1 306873    B08
 DVEC           21  58493     11 643423    I08
 DAXI           22  58596      4  58596    B08
 DSTE           22  58596      4  58596    B08
 DMOM           22  58596      2  58596    B16
 DSLP           22 308341      1 308341    B08
 DVEC           22  58596     11 644556    I08
 DAXI           23  59263      4  59263    B08
 DSTE           23  59263      4  59263    B08
 DMOM           23  59263      2  59263    B16
 DSLP           23 310445      1 310445    B08
 DVEC           23  59263     11 651893    I08
 DAXI           24  59613      4  59613    B08
 DSTE           24  59613      4  59613    B08
 DMOM           24  59613      2  59613    B16
 DSLP           24 311117      1 311117    B08
 DVEC           24  59613     11 655743    I08
 DAXI           25  59930      4  59930    B08
 DSTE           25  59930      4  59930    B08
 DMOM           25  59930      2  59930    B16
 DSLP           25 312050      1 312050    B08
 DVEC           25  59930     11 659230    I08
 DAXI           26  59415      4  59415    B08
 DSTE           26  59415      4  59415    B08
 DMOM           26  59415      2  59415    B16
 DSLP           26 309315      1 309315    B08
 DVEC           26  59415     11 653565    I08
 DAXI           27  59234      4  59234    B08
 DSTE           27  59234      4  59234    B08
 DMOM           27  59234      2  59234    B16
 DSLP           27 307347      1 307347    B08
 DVEC           27  59234     11 651574    I08
 DAXI           28  58885      4  58885    B08
 DSTE           28  58885      4  58885    B08
 DMOM           28  58885      2  58885    B16
 DSLP           28 304484      1 304484    B08
 DVEC           28  58885     11 647735    I08
 DAXI           29  58708      4  58708    B08
 DSTE           29  58708      4  58708    B08
 DMOM           29  58708      2  58708    B16
 DSLP           29 302021      1 302021    B08
 DVEC           29  58708     11 645788    I08
 DAXI           30  57895      4  57895    B08
 DSTE           30  57895      4  57895    B08
 DMOM           30  57895      2  57895    B16
 DSLP           30 297559      1 297559    B08
 DVEC           30  57895     11 636845    I08
 DAXI           31  57463      4  57463    B08
 DSTE           31  57463      4  57463    B08
 DMOM           31  57463      2  57463    B16
 DSLP           31 294322      1 294322    B08
 DVEC           31  57463     11 632093    I08
 DAXI           32  56811      4  56811    B08
 DSTE           32  56811      4  56811    B08
 DMOM           32  56811      2  56811    B16
 DSLP           32 290492      1 290492    B08
 DVEC           32  56811     11 624921    I08
 DAXI           33  56222      4  56222    B08
 DSTE           33  56222      4  56222    B08
 DMOM           33  56222      2  56222    B16
 DSLP           33 287532      1 287532    B08
 DVEC           33  56222     11 618442    I08
 DAXI           34  55656      4  55656    B08
 DSTE           34  55656      4  55656    B08
 DMOM           34  55656      2  55656    B16
 DSLP           34 284136      1 284136    B08
 DVEC           34  55656     11 612216    I08
 DAXI           35  54728      4  54728    B08
 DSTE           35  54728      4  54728    B08
 DMOM           35  54728      2  54728    B16
 DSLP           35 279372      1 279372    B08
 DVEC           35  54728     11 602008    I08
 DAXI           36  53929      4  53929    B08
 DSTE           36  53929      4  53929    B08
 DMOM           36  53929      2  53929    B16
 DSLP           36 274641      1 274641    B08
 DVEC           36  53929     11 593219    I08
 DAXI           37  52955      4  52955    B08
 DSTE           37  52955      4  52955    B08
 DMOM           37  52955      2  52955    B16
 DSLP           37 268774      1 268774    B08
 DVEC           37  52955     11 582505    I08
 DAXI           38  52543      4  52543    B08
 DSTE           38  52543      4  52543    B08
 DMOM           38  52543      2  52543    B16
 DSLP           38 265452      1 265452    B08
 DVEC           38  52543     11 577973    I08
 DAXI           39  52341      4  52341    B08
 DSTE           39  52341      4  52341    B08
 DMOM           39  52341      2  52341    B16
 DSLP           39 263538      1 263538    B08
 DVEC           39  52341     11 575751    I08
 DAXI           40  51945      4  51945    B08
 DSTE           40  51945      4  51945    B08
 DMOM           40  51945      2  51945    B16
 DSLP           40 260994      1 260994    B08
 DVEC           40  51945     11 571395    I08
 DAXI           41  51662      4  51662    B08
 DSTE           41  51662      4  51662    B08
 DMOM           41  51662      2  51662    B16
 DSLP           41 259271      1 259271    B08
 DVEC           41  51662     11 568282    I08
 DAXI           42  52092      4  52092    B08
 DSTE           42  52092      4  52092    B08
 DMOM           42  52092      2  52092    B16
 DSLP           42 260156      1 260156    B08
 DVEC           42  52092     11 573012    I08
 DAXI           43  51966      4  51966    B08
 DSTE           43  51966      4  51966    B08
 DMOM           43  51966      2  51966    B16
 DSLP           43 259208      1 259208    B08
 DVEC           43  51966     11 571626    I08
 DAXI           44  51933      4  51933    B08
 DSTE           44  51933      4  51933    B08
 DMOM           44  51933      2  51933    B16
 DSLP           44 258719      1 258719    B08
 DVEC           44  51933     11 571263    I08
 DAXI           45  51832      4  51832    B08
 DSTE           45  51832      4  51832    B08
 DMOM           45  51832      2  51832    B16
 DSLP           45 257778      1 257778    B08
 DVEC           45  51832     11 570152    I08
 DAXI           46  51376      4  51376    B08
 DSTE           46  51376      4  51376    B08
 DMOM           46  51376      2  51376    B16
 DSLP           46 255236      1 255236    B08
 DVEC           46  51376     11 565136    I08
 DAXI           47  50916      4  50916    B08
 DSTE           47  50916      4  50916    B08
 DMOM           47  50916      2  50916    B16
 DSLP           47 252310      1 252310    B08
 DVEC           47  50916     11 560076    I08
 DAXI           48  50312      4  50312    B08
 DSTE           48  50312      4  50312    B08
 DMOM           48  50312      2  50312    B16
 DSLP           48 248564      1 248564    B08
 DVEC           48  50312     11 553432    I08
 DAXI           49  50129      4  50129    B08
 DSTE           49  50129      4  50129    B08
 DMOM           49  50129      2  50129    B16
 DSLP           49 246664      1 246664    B08
 DVEC           49  50129     11 551419    I08
 DAXI           50  49616      4  49616    B08
 DSTE           50  49616      4  49616    B08
 DMOM           50  49616      2  49616    B16
 DSLP           50 243457      1 243457    B08
 DVEC           50  49616     11 545776    I08
 DAXI           51  49052      4  49052    B08
 DSTE           51  49052      4  49052    B08
 DMOM           51  49052      2  49052    B16
 DSLP           51 240519      1 240519    B08
 DVEC           51  49052     11 539572    I08
 DAXI           52  48882      4  48882    B08
 DSTE           52  48882      4  48882    B08
 DMOM           52  48882      2  48882    B16
 DSLP           52 238663      1 238663    B08
 DVEC           52  48882     11 537702    I08
 DAXI           53  48513      4  48513    B08
 DSTE           53  48513      4  48513    B08
 DMOM           53  48513      2  48513    B16
 DSLP           53 236854      1 236854    B08
 DVEC           53  48513     11 533643    I08
 DAXI           54  48337      4  48337    B08
 DSTE           54  48337      4  48337    B08
 DMOM           54  48337      2  48337    B16
 DSLP           54 236011      1 236011    B08
 DVEC           54  48337     11 531707    I08
 DAXI           55  48018      4  48018    B08
 DSTE           55  48018      4  48018    B08
 DMOM           55  48018      2  48018    B16
 DSLP           55 234034      1 234034    B08
 DVEC           55  48018     11 528198    I08
 DAXI           56  48131      4  48131    B08
 DSTE           56  48131      4  48131    B08
 DMOM           56  48131      2  48131    B16
 DSLP           56 233993      1 233993    B08
 DVEC           56  48131     11 529441    I08
 DAXI           57  48067      4  48067    B08
 DSTE           57  48067      4  48067    B08
 DMOM           57  48067      2  48067    B16
 DSLP           57 232934      1 232934    B08
 DVEC           57  48067     11 528737    I08
 DAXI           58  47939      4  47939    B08
 DSTE           58  47939      4  47939    B08
 DMOM           58  47939      2  47939    B16
 DSLP           58 231580      1 231580    B08
 DVEC           58  47939     11 527329    I08
 DAXI           59  47849      4  47849    B08
 DSTE           59  47849      4  47849    B08
 DMOM           59  47849      2  47849    B16
 DSLP           59 229838      1 229838    B08
 DVEC           59  47849     11 526339    I08
 DAXI           60  47611      4  47611    B08
 DSTE           60  47611      4  47611    B08
 DMOM           60  47611      2  47611    B16
 DSLP           60 227768      1 227768    B08
 DVEC           60  47611     11 523721    I08
 DAXI           61  47533      4  47533    B08
 DSTE           61  47533      4  47533    B08
 DMOM           61  47533      2  47533    B16
 DSLP           61 225805      1 225805    B08
 DVEC           61  47533     11 522863    I08
 DAXI           62  48837      4  48837    B08
 DSTE           62  48837      4  48837    B08
 DMOM           62  48837      2  48837    B16
 DSLP           62 232005      1 232005    B08
 DVEC           62  48837     11 537207    I08
 DAXI           63  50519      4  50519    B08
 DSTE           63  50519      4  50519    B08
 DMOM           63  50519      2  50519    B16
 DSLP           63 239253      1 239253    B08
 DVEC           63  50519     11 555709    I08
 DAXI           64  51999      4  51999    B08
 DSTE           64  51999      4  51999    B08
 DMOM           64  51999      2  51999    B16
 DSLP           64 247441      1 247441    B08
 DVEC           64  51999     11 571989    I08
 DAXI           65  54460      4  54460    B08
 DSTE           65  54460      4  54460    B08
 DMOM           65  54460      2  54460    B16
 DSLP           65 259580      1 259580    B08
 DVEC           65  54460     11 599060    I08
 DAXI           66  55972      4  55972    B08
 DSTE           66  55972      4  55972    B08
 DMOM           66  55972      2  55972    B16
 DSLP           66 268552      1 268552    B08
 DVEC           66  55972     11 615692    I08
 DAXI           67  56410      4  56410    B08
 DSTE           67  56410      4  56410    B08
 DMOM           67  56410      2  56410    B16
 DSLP           67 271070      1 271070    B08
 DVEC           67  56410     11 620510    I08
 DAXI           68  56138      4  56138    B08
 DSTE           68  56138      4  56138    B08
 DMOM           68  56138      2  56138    B16
 DSLP           68 268874      1 268874    B08
 DVEC           68  56138     11 617518    I08
 DAXI           69  55886      4  55886    B08
 DSTE           69  55886      4  55886    B08
 DMOM           69  55886      2  55886    B16
 DSLP           69 266276      1 266276    B08
 DVEC           69  55886     11 614746    I08
 DAXI           70  54988      4  54988    B08
 DSTE           70  54988      4  54988    B08
 DMOM           70  54988      2  54988    B16
 DSLP           70 260041      1 260041    B08
 DVEC           70  54988     11 604868    I08
 DAXI           71  53282      4  53282    B08
 DSTE           71  53282      4  53282    B08
 DMOM           71  53282      2  53282    B16
 DSLP           71 251062      1 251062    B08
 DVEC           71  53282     11 586102    I08
 DAXI           72  53022      4  53022    B08
 DSTE           72  53022      4  53022    B08
 DMOM           72  53022      2  53022    B16
 DSLP           72 249217      1 249217    B08
 DVEC           72  53022     11 583242    I08
 DAXI           73  53212      4  53212    B08
 DSTE           73  53212      4  53212    B08
 DMOM           73  53212      2  53212    B16
 DSLP           73 249736      1 249736    B08
 DVEC           73  53212     11 585332    I08
 DAXI           74  53611      4  53611    B08
 DSTE           74  53611      4  53611    B08
 DMOM           74  53611      2  53611    B16
 DSLP           74 251289      1 251289    B08
 DVEC           74  53611     11 589721    I08
 DAXI           75  54606      4  54606    B08
 DSTE           75  54606      4  54606    B08
 DMOM           75  54606      2  54606    B16
 DSLP           75 257402      1 257402    B08
 DVEC           75  54606     11 600666    I08
 DAXI           76  55630      4  55630    B08
 DSTE           76  55630      4  55630    B08
 DMOM           76  55630      2  55630    B16
 DSLP           76 261285      1 261285    B08
 DVEC           76  55630     11 611930    I08
 DAXI           77  56074      4  56074    B08
 DSTE           77  56074      4  56074    B08
 DMOM           77  56074      2  56074    B16
 DSLP           77 263620      1 263620    B08
 DVEC           77  56074     11 616814    I08
 DAXI           78  57352      4  57352    B08
 DSTE           78  57352      4  57352    B08
 DMOM           78  57352      2  57352    B16
 DSLP           78 269996      1 269996    B08
 DVEC           78  57352     11 630872    I08
 DAXI           79  57928      4  57928    B08
 DSTE           79  57928      4  57928    B08
 DMOM           79  57928      2  57928    B16
 DSLP           79 272779      1 272779    B08
 DVEC           79  57928     11 637208    I08
 DAXI           80  58759      4  58759    B08
 DSTE           80  58759      4  58759    B08
 DMOM           80  58759      2  58759    B16
 DSLP           80 276407      1 276407    B08
 DVEC           80  58759     11 646349    I08
 DAXI           81  59006      4  59006    B08
 DSTE           81  59006      4  59006    B08
 DMOM           81  59006      2  59006    B16
 DSLP           81 277792      1 277792    B08
 DVEC           81  59006     11 649066    I08
 DAXI           82  59303      4  59303    B08
 DSTE           82  59303      4  59303    B08
 DMOM           82  59303      2  59303    B16
 DSLP           82 278772      1 278772    B08
 DVEC           82  59303     11 652333    I08
 DAXI           83  60001      4  60001    B08
 DSTE           83  60001      4  60001    B08
 DMOM           83  60001      2  60001    B16
 DSLP           83 283593      1 283593    B08
 DVEC           83  60001     11 660011    I08
 DAXI           84  61080      4  61080    B08
 DSTE           84  61080      4  61080    B08
 DMOM           84  61080      2  61080    B16
 DSLP           84 287870      1 287870    B08
 DVEC           84  61080     11 671880    I08
 DAXI           85  61469      4  61469    B08
 DSTE           85  61469      4  61469    B08
 DMOM           85  61469      2  61469    B16
 DSLP           85 290205      1 290205    B08
 DVEC           85  61469     11 676159    I08
 DAXI           86  62161      4  62161    B08
 DSTE           86  62161      4  62161    B08
 DMOM           86  62161      2  62161    B16
 DSLP           86 292391      1 292391    B08
 DVEC           86  62161     11 683771    I08
 DAXI           87  62221      4  62221    B08
 DSTE           87  62221      4  62221    B08
 DMOM           87  62221      2  62221    B16
 DSLP           87 293217      1 293217    B08
 DVEC           87  62221     11 684431    I08
 DAXI           88  62439      4  62439    B08
 DSTE           88  62439      4  62439    B08
 DMOM           88  62439      2  62439    B16
 DSLP           88 293789      1 293789    B08
 DVEC           88  62439     11 686829    I08
 DAXI           89  62950      4  62950    B08
 DSTE           89  62950      4  62950    B08
 DMOM           89  62950      2  62950    B16
 DSLP           89 295758      1 295758    B08
 DVEC           89  62950     11 692450    I08
 DAXI           90  63211      4  63211    B08
 DSTE           90  63211      4  63211    B08
 DMOM           90  63211      2  63211    B16
 DSLP           90 296168      1 296168    B08
 DVEC           90  63211     11 695321    I08
 DAXI           91  63282      4  63282    B08
 DSTE           91  63282      4  63282    B08
 DMOM           91  63282      2  63282    B16
 DSLP           91 295756      1 295756    B08
 DVEC           91  63282     11 696102    I08
 DAXI           92  63191      4  63191    B08
 DSTE           92  63191      4  63191    B08
 DMOM           92  63191      2  63191    B16
 DSLP           92 295004      1 295004    B08
 DVEC           92  63191     11 695101    I08
 DAXI           93  63327      4  63327    B08
 DSTE           93  63327      4  63327    B08
 DMOM           93  63327      2  63327    B16
 DSLP           93 295387      1 295387    B08
 DVEC           93  63327     11 696597    I08
 DAXI           94  63473      4  63473    B08
 DSTE           94  63473      4  63473    B08
 DMOM           94  63473      2  63473    B16
 DSLP           94 295438      1 295438    B08
 DVEC           94  63473     11 698203    I08
 DAXI           95  63625      4  63625    B08
 DSTE           95  63625      4  63625    B08
 DMOM           95  63625      2  63625    B16
 DSLP           95 295397      1 295397    B08
 DVEC           95  63625     11 699875    I08
 DAXI           96  63832      4  63832    B08
 DSTE           96  63832      4  63832    B08
 DMOM           96  63832      2  63832    B16
 DSLP           96 295522      1 295522    B08
 DVEC           96  63832     11 702152    I08
 DAXI           97  63800      4  63800    B08
 DSTE           97  63800      4  63800    B08
 DMOM           97  63800      2  63800    B16
 DSLP           97 294982      1 294982    B08
 DVEC           97  63800     11 701800    I08
 DAXI           98  64244      4  64244    B08
 DSTE           98  64244      4  64244    B08
 DMOM           98  64244      2  64244    B16
 DSLP           98 296573      1 296573    B08
 DVEC           98  64244     11 706684    I08
 DAXI           99  64249      4  64249    B08
 DSTE           99  64249      4  64249    B08
 DMOM           99  64249      2  64249    B16
 DSLP           99 296694      1 296694    B08
 DVEC           99  64249     11 706739    I08
 DAXI          100  64407      4  64407    B08
 DSTE          100  64407      4  64407    B08
 DMOM          100  64407      2  64407    B16
 DSLP          100 296989      1 296989    B08
 DVEC          100  64407     11 708477    I08
 DAXI          101  64738      4  64738    B08
 DSTE          101  64738      4  64738    B08
 DMOM          101  64738      2  64738    B16
 DSLP          101 298299      1 298299    B08
 DVEC          101  64738     11 712118    I08
 DAXI          102  65091      4  65091    B08
 DSTE          102  65091      4  65091    B08
 DMOM          102  65091      2  65091    B16
 DSLP          102 299397      1 299397    B08
 DVEC          102  65091     11 716001    I08
 DAXI          103  65356      4  65356    B08
 DSTE          103  65356      4  65356    B08
 DMOM          103  65356      2  65356    B16
 DSLP          103 300257      1 300257    B08
 DVEC          103  65356     11 718916    I08
 DAXI          104  65706      4  65706    B08
 DSTE          104  65706      4  65706    B08
 DMOM          104  65706      2  65706    B16
 DSLP          104 301325      1 301325    B08
 DVEC          104  65706     11 722766    I08
 DAXI          105  66070      4  66070    B08
 DSTE          105  66070      4  66070    B08
 DMOM          105  66070      2  66070    B16
 DSLP          105 302568      1 302568    B08
 DVEC          105  66070     11 726770    I08
 DAXI          106  66228      4  66228    B08
 DSTE          106  66228      4  66228    B08
 DMOM          106  66228      2  66228    B16
 DSLP          106 303408      1 303408    B08
 DVEC          106  66228     11 728508    I08
 DAXI          107  66835      4  66835    B08
 DSTE          107  66835      4  66835    B08
 DMOM          107  66835      2  66835    B16
 DSLP          107 305447      1 305447    B08
 DVEC          107  66835     11 735185    I08
 DAXI          108  67108      4  67108    B08
 DSTE          108  67108      4  67108    B08
 DMOM          108  67108      2  67108    B16
 DSLP          108 306221      1 306221    B08
 DVEC          108  67108     11 738188    I08
 DAXI          109  67638      4  67638    B08
 DSTE          109  67638      4  67638    B08
 DMOM          109  67638      2  67638    B16
 DSLP          109 308163      1 308163    B08
 DVEC          109  67638     11 744018    I08
 DAXI          110  68318      4  68318    B08
 DSTE          110  68318      4  68318    B08
 DMOM          110  68318      2  68318    B16
 DSLP          110 310381      1 310381    B08
 DVEC          110  68318     11 751498    I08
 DAXI          111  68614      4  68614    B08
 DSTE          111  68614      4  68614    B08
 DMOM          111  68614      2  68614    B16
 DSLP          111 311392      1 311392    B08
 DVEC          111  68614     11 754754    I08
 DAXI          112  68842      4  68842    B08
 DSTE          112  68842      4  68842    B08
 DMOM          112  68842      2  68842    B16
 DSLP          112 312036      1 312036    B08
 DVEC          112  68842     11 757262    I08
 DAXI          113  69499      4  69499    B08
 DSTE          113  69499      4  69499    B08
 DMOM          113  69499      2  69499    B16
 DSLP          113 314379      1 314379    B08
 DVEC          113  69499     11 764489    I08
 DAXI          114  69943      4  69943    B08
 DSTE          114  69943      4  69943    B08
 DMOM          114  69943      2  69943    B16
 DSLP          114 315935      1 315935    B08
 DVEC          114  69943     11 769373    I08
 DAXI          115  70328      4  70328    B08
 DSTE          115  70328      4  70328    B08
 DMOM          115  70328      2  70328    B16
 DSLP          115 317504      1 317504    B08
 DVEC          115  70328     11 773608    I08
 DAXI          116  70533      4  70533    B08
 DSTE          116  70533      4  70533    B08
 DMOM          116  70533      2  70533    B16
 DSLP          116 318420      1 318420    B08
 DVEC          116  70533     11 775863    I08
 DAXI          117  71023      4  71023    B08
 DSTE          117  71023      4  71023    B08
 DMOM          117  71023      2  71023    B16
 DSLP          117 320545      1 320545    B08
 DVEC          117  71023     11 781253    I08
 DAXI          118  71329      4  71329    B08
 DSTE          118  71329      4  71329    B08
 DMOM          118  71329      2  71329    B16
 DSLP          118 321675      1 321675    B08
 DVEC          118  71329     11 784619    I08
 DAXI          119  71733      4  71733    B08
 DSTE          119  71733      4  71733    B08
 DMOM          119  71733      2  71733    B16
 DSLP          119 323618      1 323618    B08
 DVEC          119  71733     11 789063    I08
 DAXI          120  70791      4  70791    B08
 DSTE          120  70791      4  70791    B08
 DMOM          120  70791      2  70791    B16
 DSLP          120 319758      1 319758    B08
 DVEC          120  70791     11 778701    I08
 DAXI          121  67584      4  67584    B08
 DSTE          121  67584      4  67584    B08
 DMOM          121  67584      2  67584    B16
 DSLP          121 305167      1 305167    B08
 DVEC          121  67584     11 743424    I08
 DAXI          122  62331      4  62331    B08
 DSTE          122  62331      4  62331    B08
 DMOM          122  62331      2  62331    B16
 DSLP          122 281436      1 281436    B08
 DVEC          122  62331     11 685641    I08
 DAXI          123  53695      4  53695    B08
 DSTE          123  53695      4  53695    B08
 DMOM          123  53695      2  53695    B16
 DSLP          123 240684      1 240684    B08
 DVEC          123  53695     11 590645    I08
 DAXI          124  41415      4  41415    B08
 DSTE          124  41415      4  41415    B08
 DMOM          124  41415      2  41415    B16
 DSLP          124 182765      1 182765    B08
 DVEC          124  41415     11 455565    I08
 DAXI          125  25054      4  25054    B08
 DSTE          125  25054      4  25054    B08
 DMOM          125  25054      2  25054    B16
 DSLP          125 106511      1 106511    B08
 DVEC          125  25054     11 275594    I08
 DAXI          126  12973      4  12973    B08
 DSTE          126  12973      4  12973    B08
 DMOM          126  12973      2  12973    B16
 DSLP          126  53560      1  53560    B08
 DVEC          126  12973     11 142703    I08
 DAXI          127   9451      4   9451    B08
 DSTE          127   9451      4   9451    B08
 DMOM          127   9451      2   9451    B16
 DSLP          127  38571      1  38571    B08
 DVEC          127   9451     11 103961    I08
 DAXI          128      0      4      0    B08
 DSTE          128      0      4      0    B08
 DMOM          128      0      2      0    B16
 DSLP          128      0      1      0    B08
 DVEC          128      0     11      0    I08
 DAXI          129      0      4      0    B08
 DSTE          129      0      4      0    B08
 DMOM          129      0      2      0    B16
 DSLP          129      0      1      0    B08
 DVEC          129      0     11      0    I08
 DAXI          130      0      4      0    B08
 DSTE          130      0      4      0    B08
 DMOM          130      0      2      0    B16
 DSLP          130      0      1      0    B08
 DVEC          130      0     11      0    I08
 DAXI          131      0      4      0    B08
 DSTE          131      0      4      0    B08
 DMOM          131      0      2      0    B16
 DSLP          131      0      1      0    B08
 DVEC          131      0     11      0    I08
 DAXI          132      0      4      0    B08
 DSTE          132      0      4      0    B08
 DMOM          132      0      2      0    B16
 DSLP          132      0      1      0    B08
 DVEC          132      0     11      0    I08
 DAXI          133      0      4      0    B08
 DSTE          133      0      4      0    B08
 DMOM          133      0      2      0    B16
 DSLP          133      0      1      0    B08
 DVEC          133      0     11      0    I08
 DAXI          134      0      4      0    B08
 DSTE          134      0      4      0    B08
 DMOM          134      0      2      0    B16
 DSLP          134      0      1      0    B08
 DVEC          134      0     11      0    I08
 DAXI          135      0      4      0    B08
 DSTE          135      0      4      0    B08
 DMOM          135      0      2      0    B16
 DSLP          135      0      1      0    B08
 DVEC          135      0     11      0    I08
 DAXI          136      0      4      0    B08
 DSTE          136      0      4      0    B08
 DMOM          136      0      2      0    B16
 DSLP          136      0      1      0    B08
 DVEC          136      0     11      0    I08
 DAXI          137      0      4      0    B08
 DSTE          137      0      4      0    B08
 DMOM          137      0      2      0    B16
 DSLP          137      0      1      0    B08
 DVEC          137      0     11      0    I08
 DAXI          138      0      4      0    B08
 DSTE          138      0      4      0    B08
 DMOM          138      0      2      0    B16
 DSLP          138      0      1      0    B08
 DVEC          138      0     11      0    I08
 DAXI          139      0      4      0    B08
 DSTE          139      0      4      0    B08
 DMOM          139      0      2      0    B16
 DSLP          139      0      1      0    B08
 DVEC          139      0     11      0    I08
 DAXI          140      0      4      0    B08
 DSTE          140      0      4      0    B08
 DMOM          140      0      2      0    B16
 DSLP          140      0      1      0    B08
 DVEC          140      0     11      0    I08
 DAXI          141      0      4      0    B08
 DSTE          141      0      4      0    B08
 DMOM          141      0      2      0    B16
 DSLP          141      0      1      0    B08
 DVEC          141      0     11      0    I08
fparm_: ->CLOSE UNIT=57<-
bosClose : close local file
bosClose : Call cclose(stream=0,iobptr=0,medium=2)
-100
dictionary file closed.
fparm_: ->OPEN INPUT UNIT=57 FILE="/usr/local/clas/parms/PRLIB/DICT/prlink_p1920_0_0_0.5_3.0.bos"<-
file[ 0]->/usr/local/clas/parms/PRLIB/DICT/prlink_p1920_0_0_0.5_3.0.bos<-
 DAXI            0   7375      4   7375    B08
 DSTE            0   7375      4   7375    B08
 DMOM            0   7375      2   7375    B16
 DSLP            0  30117      1  30117    B08
 DVEC            0   7375     11  81125    I08
 DAXI            1  19801      4  19801    B08
 DSTE            1  19801      4  19801    B08
 DMOM            1  19801      2  19801    B16
 DSLP            1  97605      1  97605    B08
 DVEC            1  19801     11 217811    I08
 DAXI            2  30953      4  30953    B08
 DSTE            2  30953      4  30953    B08
 DMOM            2  30953      2  30953    B16
 DSLP            2 158427      1 158427    B08
 DVEC            2  30953     11 340483    I08
 DAXI            3  36378      4  36378    B08
 DSTE            3  36378      4  36378    B08
 DMOM            3  36378      2  36378    B16
 DSLP            3 185641      1 185641    B08
 DVEC            3  36378     11 400158    I08
 DAXI            4  38834      4  38834    B08
 DSTE            4  38834      4  38834    B08
 DMOM            4  38834      2  38834    B16
 DSLP            4 197548      1 197548    B08
 DVEC            4  38834     11 427174    I08
 DAXI            5  40886      4  40886    B08
 DSTE            5  40886      4  40886    B08
 DMOM            5  40886      2  40886    B16
 DSLP            5 209239      1 209239    B08
 DVEC            5  40886     11 449746    I08
 DAXI            6  40363      4  40363    B08
 DSTE            6  40363      4  40363    B08
 DMOM            6  40363      2  40363    B16
 DSLP            6 205213      1 205213    B08
 DVEC            6  40363     11 443993    I08
 DAXI            7  40950      4  40950    B08
 DSTE            7  40950      4  40950    B08
 DMOM            7  40950      2  40950    B16
 DSLP            7 208260      1 208260    B08
 DVEC            7  40950     11 450450    I08
 DAXI            8  43371      4  43371    B08
 DSTE            8  43371      4  43371    B08
 DMOM            8  43371      2  43371    B16
 DSLP            8 221276      1 221276    B08
 DVEC            8  43371     11 477081    I08
 DAXI            9  44556      4  44556    B08
 DSTE            9  44556      4  44556    B08
 DMOM            9  44556      2  44556    B16
 DSLP            9 228397      1 228397    B08
 DVEC            9  44556     11 490116    I08
 DAXI           10  46384      4  46384    B08
 DSTE           10  46384      4  46384    B08
 DMOM           10  46384      2  46384    B16
 DSLP           10 238685      1 238685    B08
 DVEC           10  46384     11 510224    I08
 DAXI           11  49169      4  49169    B08
 DSTE           11  49169      4  49169    B08
 DMOM           11  49169      2  49169    B16
 DSLP           11 253830      1 253830    B08
 DVEC           11  49169     11 540859    I08
 DAXI           12  51059      4  51059    B08
 DSTE           12  51059      4  51059    B08
 DMOM           12  51059      2  51059    B16
 DSLP           12 263346      1 263346    B08
 DVEC           12  51059     11 561649    I08
 DAXI           13  51988      4  51988    B08
 DSTE           13  51988      4  51988    B08
 DMOM           13  51988      2  51988    B16
 DSLP           13 267994      1 267994    B08
 DVEC           13  51988     11 571868    I08
 DAXI           14  52852      4  52852    B08
 DSTE           14  52852      4  52852    B08
 DMOM           14  52852      2  52852    B16
 DSLP           14 272715      1 272715    B08
 DVEC           14  52852     11 581372    I08
 DAXI           15  54593      4  54593    B08
 DSTE           15  54593      4  54593    B08
 DMOM           15  54593      2  54593    B16
 DSLP           15 282321      1 282321    B08
 DVEC           15  54593     11 600523    I08
 DAXI           16  55857      4  55857    B08
 DSTE           16  55857      4  55857    B08
 DMOM           16  55857      2  55857    B16
 DSLP           16 290187      1 290187    B08
 DVEC           16  55857     11 614427    I08
 DAXI           17  56810      4  56810    B08
 DSTE           17  56810      4  56810    B08
 DMOM           17  56810      2  56810    B16
 DSLP           17 296197      1 296197    B08
 DVEC           17  56810     11 624910    I08
 DAXI           18  57688      4  57688    B08
 DSTE           18  57688      4  57688    B08
 DMOM           18  57688      2  57688    B16
 DSLP           18 301530      1 301530    B08
 DVEC           18  57688     11 634568    I08
 DAXI           19  58211      4  58211    B08
 DSTE           19  58211      4  58211    B08
 DMOM           19  58211      2  58211    B16
 DSLP           19 304334      1 304334    B08
 DVEC           19  58211     11 640321    I08
 DAXI           20  58332      4  58332    B08
 DSTE           20  58332      4  58332    B08
 DMOM           20  58332      2  58332    B16
 DSLP           20 305828      1 305828    B08
 DVEC           20  58332     11 641652    I08
 DAXI           21  58493      4  58493    B08
 DSTE           21  58493      4  58493    B08
 DMOM           21  58493      2  58493    B16
 DSLP           21 306873      1 306873    B08
 DVEC           21  58493     11 643423    I08
 DAXI           22  58596      4  58596    B08
 DSTE           22  58596      4  58596    B08
 DMOM           22  58596      2  58596    B16
 DSLP           22 308341      1 308341    B08
 DVEC           22  58596     11 644556    I08
 DAXI           23  59263      4  59263    B08
 DSTE           23  59263      4  59263    B08
 DMOM           23  59263      2  59263    B16
 DSLP           23 310445      1 310445    B08
 DVEC           23  59263     11 651893    I08
 DAXI           24  59613      4  59613    B08
 DSTE           24  59613      4  59613    B08
 DMOM           24  59613      2  59613    B16
 DSLP           24 311117      1 311117    B08
 DVEC           24  59613     11 655743    I08
 DAXI           25  59930      4  59930    B08
 DSTE           25  59930      4  59930    B08
 DMOM           25  59930      2  59930    B16
 DSLP           25 312050      1 312050    B08
 DVEC           25  59930     11 659230    I08
 DAXI           26  59415      4  59415    B08
 DSTE           26  59415      4  59415    B08
 DMOM           26  59415      2  59415    B16
 DSLP           26 309315      1 309315    B08
 DVEC           26  59415     11 653565    I08
 DAXI           27  59234      4  59234    B08
 DSTE           27  59234      4  59234    B08
 DMOM           27  59234      2  59234    B16
 DSLP           27 307347      1 307347    B08
 DVEC           27  59234     11 651574    I08
 DAXI           28  58885      4  58885    B08
 DSTE           28  58885      4  58885    B08
 DMOM           28  58885      2  58885    B16
 DSLP           28 304484      1 304484    B08
 DVEC           28  58885     11 647735    I08
 DAXI           29  58708      4  58708    B08
 DSTE           29  58708      4  58708    B08
 DMOM           29  58708      2  58708    B16
 DSLP           29 302021      1 302021    B08
 DVEC           29  58708     11 645788    I08
 DAXI           30  57895      4  57895    B08
 DSTE           30  57895      4  57895    B08
 DMOM           30  57895      2  57895    B16
 DSLP           30 297559      1 297559    B08
 DVEC           30  57895     11 636845    I08
 DAXI           31  57463      4  57463    B08
 DSTE           31  57463      4  57463    B08
 DMOM           31  57463      2  57463    B16
 DSLP           31 294322      1 294322    B08
 DVEC           31  57463     11 632093    I08
 DAXI           32  56811      4  56811    B08
 DSTE           32  56811      4  56811    B08
 DMOM           32  56811      2  56811    B16
 DSLP           32 290492      1 290492    B08
 DVEC           32  56811     11 624921    I08
 DAXI           33  56222      4  56222    B08
 DSTE           33  56222      4  56222    B08
 DMOM           33  56222      2  56222    B16
 DSLP           33 287532      1 287532    B08
 DVEC           33  56222     11 618442    I08
 DAXI           34  55656      4  55656    B08
 DSTE           34  55656      4  55656    B08
 DMOM           34  55656      2  55656    B16
 DSLP           34 284136      1 284136    B08
 DVEC           34  55656     11 612216    I08
 DAXI           35  54728      4  54728    B08
 DSTE           35  54728      4  54728    B08
 DMOM           35  54728      2  54728    B16
 DSLP           35 279372      1 279372    B08
 DVEC           35  54728     11 602008    I08
 DAXI           36  53929      4  53929    B08
 DSTE           36  53929      4  53929    B08
 DMOM           36  53929      2  53929    B16
 DSLP           36 274641      1 274641    B08
 DVEC           36  53929     11 593219    I08
 DAXI           37  52955      4  52955    B08
 DSTE           37  52955      4  52955    B08
 DMOM           37  52955      2  52955    B16
 DSLP           37 268774      1 268774    B08
 DVEC           37  52955     11 582505    I08
 DAXI           38  52543      4  52543    B08
 DSTE           38  52543      4  52543    B08
 DMOM           38  52543      2  52543    B16
 DSLP           38 265452      1 265452    B08
 DVEC           38  52543     11 577973    I08
 DAXI           39  52341      4  52341    B08
 DSTE           39  52341      4  52341    B08
 DMOM           39  52341      2  52341    B16
 DSLP           39 263538      1 263538    B08
 DVEC           39  52341     11 575751    I08
 DAXI           40  51945      4  51945    B08
 DSTE           40  51945      4  51945    B08
 DMOM           40  51945      2  51945    B16
 DSLP           40 260994      1 260994    B08
 DVEC           40  51945     11 571395    I08
 DAXI           41  51662      4  51662    B08
 DSTE           41  51662      4  51662    B08
 DMOM           41  51662      2  51662    B16
 DSLP           41 259271      1 259271    B08
 DVEC           41  51662     11 568282    I08
 DAXI           42  52092      4  52092    B08
 DSTE           42  52092      4  52092    B08
 DMOM           42  52092      2  52092    B16
 DSLP           42 260156      1 260156    B08
 DVEC           42  52092     11 573012    I08
 DAXI           43  51966      4  51966    B08
 DSTE           43  51966      4  51966    B08
 DMOM           43  51966      2  51966    B16
 DSLP           43 259208      1 259208    B08
 DVEC           43  51966     11 571626    I08
 DAXI           44  51933      4  51933    B08
 DSTE           44  51933      4  51933    B08
 DMOM           44  51933      2  51933    B16
 DSLP           44 258719      1 258719    B08
 DVEC           44  51933     11 571263    I08
 DAXI           45  51832      4  51832    B08
 DSTE           45  51832      4  51832    B08
 DMOM           45  51832      2  51832    B16
 DSLP           45 257778      1 257778    B08
 DVEC           45  51832     11 570152    I08
 DAXI           46  51376      4  51376    B08
 DSTE           46  51376      4  51376    B08
 DMOM           46  51376      2  51376    B16
 DSLP           46 255236      1 255236    B08
 DVEC           46  51376     11 565136    I08
 DAXI           47  50916      4  50916    B08
 DSTE           47  50916      4  50916    B08
 DMOM           47  50916      2  50916    B16
 DSLP           47 252310      1 252310    B08
 DVEC           47  50916     11 560076    I08
 DAXI           48  50312      4  50312    B08
 DSTE           48  50312      4  50312    B08
 DMOM           48  50312      2  50312    B16
 DSLP           48 248564      1 248564    B08
 DVEC           48  50312     11 553432    I08
 DAXI           49  50129      4  50129    B08
 DSTE           49  50129      4  50129    B08
 DMOM           49  50129      2  50129    B16
 DSLP           49 246664      1 246664    B08
 DVEC           49  50129     11 551419    I08
 DAXI           50  49616      4  49616    B08
 DSTE           50  49616      4  49616    B08
 DMOM           50  49616      2  49616    B16
 DSLP           50 243457      1 243457    B08
 DVEC           50  49616     11 545776    I08
 DAXI           51  49052      4  49052    B08
 DSTE           51  49052      4  49052    B08
 DMOM           51  49052      2  49052    B16
 DSLP           51 240519      1 240519    B08
 DVEC           51  49052     11 539572    I08
 DAXI           52  48882      4  48882    B08
 DSTE           52  48882      4  48882    B08
 DMOM           52  48882      2  48882    B16
 DSLP           52 238663      1 238663    B08
 DVEC           52  48882     11 537702    I08
 DAXI           53  48513      4  48513    B08
 DSTE           53  48513      4  48513    B08
 DMOM           53  48513      2  48513    B16
 DSLP           53 236854      1 236854    B08
 DVEC           53  48513     11 533643    I08
 DAXI           54  48337      4  48337    B08
 DSTE           54  48337      4  48337    B08
 DMOM           54  48337      2  48337    B16
 DSLP           54 236011      1 236011    B08
 DVEC           54  48337     11 531707    I08
 DAXI           55  48018      4  48018    B08
 DSTE           55  48018      4  48018    B08
 DMOM           55  48018      2  48018    B16
 DSLP           55 234034      1 234034    B08
 DVEC           55  48018     11 528198    I08
 DAXI           56  48131      4  48131    B08
 DSTE           56  48131      4  48131    B08
 DMOM           56  48131      2  48131    B16
 DSLP           56 233993      1 233993    B08
 DVEC           56  48131     11 529441    I08
 DAXI           57  48067      4  48067    B08
 DSTE           57  48067      4  48067    B08
 DMOM           57  48067      2  48067    B16
 DSLP           57 232934      1 232934    B08
 DVEC           57  48067     11 528737    I08
 DAXI           58  47939      4  47939    B08
 DSTE           58  47939      4  47939    B08
 DMOM           58  47939      2  47939    B16
 DSLP           58 231580      1 231580    B08
 DVEC           58  47939     11 527329    I08
 DAXI           59  47849      4  47849    B08
 DSTE           59  47849      4  47849    B08
 DMOM           59  47849      2  47849    B16
 DSLP           59 229838      1 229838    B08
 DVEC           59  47849     11 526339    I08
 DAXI           60  47611      4  47611    B08
 DSTE           60  47611      4  47611    B08
 DMOM           60  47611      2  47611    B16
 DSLP           60 227768      1 227768    B08
 DVEC           60  47611     11 523721    I08
 DAXI           61  47533      4  47533    B08
 DSTE           61  47533      4  47533    B08
 DMOM           61  47533      2  47533    B16
 DSLP           61 225805      1 225805    B08
 DVEC           61  47533     11 522863    I08
 DAXI           62  48837      4  48837    B08
 DSTE           62  48837      4  48837    B08
 DMOM           62  48837      2  48837    B16
 DSLP           62 232005      1 232005    B08
 DVEC           62  48837     11 537207    I08
 DAXI           63  50519      4  50519    B08
 DSTE           63  50519      4  50519    B08
 DMOM           63  50519      2  50519    B16
 DSLP           63 239253      1 239253    B08
 DVEC           63  50519     11 555709    I08
 DAXI           64  51999      4  51999    B08
 DSTE           64  51999      4  51999    B08
 DMOM           64  51999      2  51999    B16
 DSLP           64 247441      1 247441    B08
 DVEC           64  51999     11 571989    I08
 DAXI           65  54460      4  54460    B08
 DSTE           65  54460      4  54460    B08
 DMOM           65  54460      2  54460    B16
 DSLP           65 259580      1 259580    B08
 DVEC           65  54460     11 599060    I08
 DAXI           66  55972      4  55972    B08
 DSTE           66  55972      4  55972    B08
 DMOM           66  55972      2  55972    B16
 DSLP           66 268552      1 268552    B08
 DVEC           66  55972     11 615692    I08
 DAXI           67  56410      4  56410    B08
 DSTE           67  56410      4  56410    B08
 DMOM           67  56410      2  56410    B16
 DSLP           67 271070      1 271070    B08
 DVEC           67  56410     11 620510    I08
 DAXI           68  56138      4  56138    B08
 DSTE           68  56138      4  56138    B08
 DMOM           68  56138      2  56138    B16
 DSLP           68 268874      1 268874    B08
 DVEC           68  56138     11 617518    I08
 DAXI           69  55886      4  55886    B08
 DSTE           69  55886      4  55886    B08
 DMOM           69  55886      2  55886    B16
 DSLP           69 266276      1 266276    B08
 DVEC           69  55886     11 614746    I08
 DAXI           70  54988      4  54988    B08
 DSTE           70  54988      4  54988    B08
 DMOM           70  54988      2  54988    B16
 DSLP           70 260041      1 260041    B08
 DVEC           70  54988     11 604868    I08
 DAXI           71  53282      4  53282    B08
 DSTE           71  53282      4  53282    B08
 DMOM           71  53282      2  53282    B16
 DSLP           71 251062      1 251062    B08
 DVEC           71  53282     11 586102    I08
 DAXI           72  53022      4  53022    B08
 DSTE           72  53022      4  53022    B08
 DMOM           72  53022      2  53022    B16
 DSLP           72 249217      1 249217    B08
 DVEC           72  53022     11 583242    I08
 DAXI           73  53212      4  53212    B08
 DSTE           73  53212      4  53212    B08
 DMOM           73  53212      2  53212    B16
 DSLP           73 249736      1 249736    B08
 DVEC           73  53212     11 585332    I08
 DAXI           74  53611      4  53611    B08
 DSTE           74  53611      4  53611    B08
 DMOM           74  53611      2  53611    B16
 DSLP           74 251289      1 251289    B08
 DVEC           74  53611     11 589721    I08
 DAXI           75  54606      4  54606    B08
 DSTE           75  54606      4  54606    B08
 DMOM           75  54606      2  54606    B16
 DSLP           75 257402      1 257402    B08
 DVEC           75  54606     11 600666    I08
 DAXI           76  55630      4  55630    B08
 DSTE           76  55630      4  55630    B08
 DMOM           76  55630      2  55630    B16
 DSLP           76 261285      1 261285    B08
 DVEC           76  55630     11 611930    I08
 DAXI           77  56074      4  56074    B08
 DSTE           77  56074      4  56074    B08
 DMOM           77  56074      2  56074    B16
 DSLP           77 263620      1 263620    B08
 DVEC           77  56074     11 616814    I08
 DAXI           78  57352      4  57352    B08
 DSTE           78  57352      4  57352    B08
 DMOM           78  57352      2  57352    B16
 DSLP           78 269996      1 269996    B08
 DVEC           78  57352     11 630872    I08
 DAXI           79  57928      4  57928    B08
 DSTE           79  57928      4  57928    B08
 DMOM           79  57928      2  57928    B16
 DSLP           79 272779      1 272779    B08
 DVEC           79  57928     11 637208    I08
 DAXI           80  58759      4  58759    B08
 DSTE           80  58759      4  58759    B08
 DMOM           80  58759      2  58759    B16
 DSLP           80 276407      1 276407    B08
 DVEC           80  58759     11 646349    I08
 DAXI           81  59006      4  59006    B08
 DSTE           81  59006      4  59006    B08
 DMOM           81  59006      2  59006    B16
 DSLP           81 277792      1 277792    B08
 DVEC           81  59006     11 649066    I08
 DAXI           82  59303      4  59303    B08
 DSTE           82  59303      4  59303    B08
 DMOM           82  59303      2  59303    B16
 DSLP           82 278772      1 278772    B08
 DVEC           82  59303     11 652333    I08
 DAXI           83  60001      4  60001    B08
 DSTE           83  60001      4  60001    B08
 DMOM           83  60001      2  60001    B16
 DSLP           83 283593      1 283593    B08
 DVEC           83  60001     11 660011    I08
 DAXI           84  61080      4  61080    B08
 DSTE           84  61080      4  61080    B08
 DMOM           84  61080      2  61080    B16
 DSLP           84 287870      1 287870    B08
 DVEC           84  61080     11 671880    I08
 DAXI           85  61469      4  61469    B08
 DSTE           85  61469      4  61469    B08
 DMOM           85  61469      2  61469    B16
 DSLP           85 290205      1 290205    B08
 DVEC           85  61469     11 676159    I08
 DAXI           86  62161      4  62161    B08
 DSTE           86  62161      4  62161    B08
 DMOM           86  62161      2  62161    B16
 DSLP           86 292391      1 292391    B08
 DVEC           86  62161     11 683771    I08
 DAXI           87  62221      4  62221    B08
 DSTE           87  62221      4  62221    B08
 DMOM           87  62221      2  62221    B16
 DSLP           87 293217      1 293217    B08
 DVEC           87  62221     11 684431    I08
 DAXI           88  62439      4  62439    B08
 DSTE           88  62439      4  62439    B08
 DMOM           88  62439      2  62439    B16
 DSLP           88 293789      1 293789    B08
 DVEC           88  62439     11 686829    I08
 DAXI           89  62950      4  62950    B08
 DSTE           89  62950      4  62950    B08
 DMOM           89  62950      2  62950    B16
 DSLP           89 295758      1 295758    B08
 DVEC           89  62950     11 692450    I08
 DAXI           90  63211      4  63211    B08
 DSTE           90  63211      4  63211    B08
 DMOM           90  63211      2  63211    B16
 DSLP           90 296168      1 296168    B08
 DVEC           90  63211     11 695321    I08
 DAXI           91  63282      4  63282    B08
 DSTE           91  63282      4  63282    B08
 DMOM           91  63282      2  63282    B16
 DSLP           91 295756      1 295756    B08
 DVEC           91  63282     11 696102    I08
 DAXI           92  63191      4  63191    B08
 DSTE           92  63191      4  63191    B08
 DMOM           92  63191      2  63191    B16
 DSLP           92 295004      1 295004    B08
 DVEC           92  63191     11 695101    I08
 DAXI           93  63327      4  63327    B08
 DSTE           93  63327      4  63327    B08
 DMOM           93  63327      2  63327    B16
 DSLP           93 295387      1 295387    B08
 DVEC           93  63327     11 696597    I08
 DAXI           94  63473      4  63473    B08
 DSTE           94  63473      4  63473    B08
 DMOM           94  63473      2  63473    B16
 DSLP           94 295438      1 295438    B08
 DVEC           94  63473     11 698203    I08
 DAXI           95  63625      4  63625    B08
 DSTE           95  63625      4  63625    B08
 DMOM           95  63625      2  63625    B16
 DSLP           95 295397      1 295397    B08
 DVEC           95  63625     11 699875    I08
 DAXI           96  63832      4  63832    B08
 DSTE           96  63832      4  63832    B08
 DMOM           96  63832      2  63832    B16
 DSLP           96 295522      1 295522    B08
 DVEC           96  63832     11 702152    I08
 DAXI           97  63800      4  63800    B08
 DSTE           97  63800      4  63800    B08
 DMOM           97  63800      2  63800    B16
 DSLP           97 294982      1 294982    B08
 DVEC           97  63800     11 701800    I08
 DAXI           98  64244      4  64244    B08
 DSTE           98  64244      4  64244    B08
 DMOM           98  64244      2  64244    B16
 DSLP           98 296573      1 296573    B08
 DVEC           98  64244     11 706684    I08
 DAXI           99  64249      4  64249    B08
 DSTE           99  64249      4  64249    B08
 DMOM           99  64249      2  64249    B16
 DSLP           99 296694      1 296694    B08
 DVEC           99  64249     11 706739    I08
 DAXI          100  64407      4  64407    B08
 DSTE          100  64407      4  64407    B08
 DMOM          100  64407      2  64407    B16
 DSLP          100 296989      1 296989    B08
 DVEC          100  64407     11 708477    I08
 DAXI          101  64738      4  64738    B08
 DSTE          101  64738      4  64738    B08
 DMOM          101  64738      2  64738    B16
 DSLP          101 298299      1 298299    B08
 DVEC          101  64738     11 712118    I08
 DAXI          102  65091      4  65091    B08
 DSTE          102  65091      4  65091    B08
 DMOM          102  65091      2  65091    B16
 DSLP          102 299397      1 299397    B08
 DVEC          102  65091     11 716001    I08
 DAXI          103  65356      4  65356    B08
 DSTE          103  65356      4  65356    B08
 DMOM          103  65356      2  65356    B16
 DSLP          103 300257      1 300257    B08
 DVEC          103  65356     11 718916    I08
 DAXI          104  65706      4  65706    B08
 DSTE          104  65706      4  65706    B08
 DMOM          104  65706      2  65706    B16
 DSLP          104 301325      1 301325    B08
 DVEC          104  65706     11 722766    I08
 DAXI          105  66070      4  66070    B08
 DSTE          105  66070      4  66070    B08
 DMOM          105  66070      2  66070    B16
 DSLP          105 302568      1 302568    B08
 DVEC          105  66070     11 726770    I08
 DAXI          106  66228      4  66228    B08
 DSTE          106  66228      4  66228    B08
 DMOM          106  66228      2  66228    B16
 DSLP          106 303408      1 303408    B08
 DVEC          106  66228     11 728508    I08
 DAXI          107  66835      4  66835    B08
 DSTE          107  66835      4  66835    B08
 DMOM          107  66835      2  66835    B16
 DSLP          107 305447      1 305447    B08
 DVEC          107  66835     11 735185    I08
 DAXI          108  67108      4  67108    B08
 DSTE          108  67108      4  67108    B08
 DMOM          108  67108      2  67108    B16
 DSLP          108 306221      1 306221    B08
 DVEC          108  67108     11 738188    I08
 DAXI          109  67638      4  67638    B08
 DSTE          109  67638      4  67638    B08
 DMOM          109  67638      2  67638    B16
 DSLP          109 308163      1 308163    B08
 DVEC          109  67638     11 744018    I08
 DAXI          110  68318      4  68318    B08
 DSTE          110  68318      4  68318    B08
 DMOM          110  68318      2  68318    B16
 DSLP          110 310381      1 310381    B08
 DVEC          110  68318     11 751498    I08
 DAXI          111  68614      4  68614    B08
 DSTE          111  68614      4  68614    B08
 DMOM          111  68614      2  68614    B16
 DSLP          111 311392      1 311392    B08
 DVEC          111  68614     11 754754    I08
 DAXI          112  68842      4  68842    B08
 DSTE          112  68842      4  68842    B08
 DMOM          112  68842      2  68842    B16
 DSLP          112 312036      1 312036    B08
 DVEC          112  68842     11 757262    I08
 DAXI          113  69499      4  69499    B08
 DSTE          113  69499      4  69499    B08
 DMOM          113  69499      2  69499    B16
 DSLP          113 314379      1 314379    B08
 DVEC          113  69499     11 764489    I08
 DAXI          114  69943      4  69943    B08
 DSTE          114  69943      4  69943    B08
 DMOM          114  69943      2  69943    B16
 DSLP          114 315935      1 315935    B08
 DVEC          114  69943     11 769373    I08
 DAXI          115  70328      4  70328    B08
 DSTE          115  70328      4  70328    B08
 DMOM          115  70328      2  70328    B16
 DSLP          115 317504      1 317504    B08
 DVEC          115  70328     11 773608    I08
 DAXI          116  70533      4  70533    B08
 DSTE          116  70533      4  70533    B08
 DMOM          116  70533      2  70533    B16
 DSLP          116 318420      1 318420    B08
 DVEC          116  70533     11 775863    I08
 DAXI          117  71023      4  71023    B08
 DSTE          117  71023      4  71023    B08
 DMOM          117  71023      2  71023    B16
 DSLP          117 320545      1 320545    B08
 DVEC          117  71023     11 781253    I08
 DAXI          118  71329      4  71329    B08
 DSTE          118  71329      4  71329    B08
 DMOM          118  71329      2  71329    B16
 DSLP          118 321675      1 321675    B08
 DVEC          118  71329     11 784619    I08
 DAXI          119  71733      4  71733    B08
 DSTE          119  71733      4  71733    B08
 DMOM          119  71733      2  71733    B16
 DSLP          119 323618      1 323618    B08
 DVEC          119  71733     11 789063    I08
 DAXI          120  70791      4  70791    B08
 DSTE          120  70791      4  70791    B08
 DMOM          120  70791      2  70791    B16
 DSLP          120 319758      1 319758    B08
 DVEC          120  70791     11 778701    I08
 DAXI          121  67584      4  67584    B08
 DSTE          121  67584      4  67584    B08
 DMOM          121  67584      2  67584    B16
 DSLP          121 305167      1 305167    B08
 DVEC          121  67584     11 743424    I08
 DAXI          122  62331      4  62331    B08
 DSTE          122  62331      4  62331    B08
 DMOM          122  62331      2  62331    B16
 DSLP          122 281436      1 281436    B08
 DVEC          122  62331     11 685641    I08
 DAXI          123  53695      4  53695    B08
 DSTE          123  53695      4  53695    B08
 DMOM          123  53695      2  53695    B16
 DSLP          123 240684      1 240684    B08
 DVEC          123  53695     11 590645    I08
 DAXI          124  41415      4  41415    B08
 DSTE          124  41415      4  41415    B08
 DMOM          124  41415      2  41415    B16
 DSLP          124 182765      1 182765    B08
 DVEC          124  41415     11 455565    I08
 DAXI          125  25054      4  25054    B08
 DSTE          125  25054      4  25054    B08
 DMOM          125  25054      2  25054    B16
 DSLP          125 106511      1 106511    B08
 DVEC          125  25054     11 275594    I08
 DAXI          126  12973      4  12973    B08
 DSTE          126  12973      4  12973    B08
 DMOM          126  12973      2  12973    B16
 DSLP          126  53560      1  53560    B08
 DVEC          126  12973     11 142703    I08
 DAXI          127   9451      4   9451    B08
 DSTE          127   9451      4   9451    B08
 DMOM          127   9451      2   9451    B16
 DSLP          127  38571      1  38571    B08
 DVEC          127   9451     11 103961    I08
 DAXI          128      0      4      0    B08
 DSTE          128      0      4      0    B08
 DMOM          128      0      2      0    B16
 DSLP          128      0      1      0    B08
 DVEC          128      0     11      0    I08
 DAXI          129      0      4      0    B08
 DSTE          129      0      4      0    B08
 DMOM          129      0      2      0    B16
 DSLP          129      0      1      0    B08
 DVEC          129      0     11      0    I08
 DAXI          130      0      4      0    B08
 DSTE          130      0      4      0    B08
 DMOM          130      0      2      0    B16
 DSLP          130      0      1      0    B08
 DVEC          130      0     11      0    I08
 DAXI          131      0      4      0    B08
 DSTE          131      0      4      0    B08
 DMOM          131      0      2      0    B16
 DSLP          131      0      1      0    B08
 DVEC          131      0     11      0    I08
 DAXI          132      0      4      0    B08
 DSTE          132      0      4      0    B08
 DMOM          132      0      2      0    B16
 DSLP          132      0      1      0    B08
 DVEC          132      0     11      0    I08
 DAXI          133      0      4      0    B08
 DSTE          133      0      4      0    B08
 DMOM          133      0      2      0    B16
 DSLP          133      0      1      0    B08
 DVEC          133      0     11      0    I08
 DAXI          134      0      4      0    B08
 DSTE          134      0      4      0    B08
 DMOM          134      0      2      0    B16
 DSLP          134      0      1      0    B08
 DVEC          134      0     11      0    I08
 DAXI          135      0      4      0    B08
 DSTE          135      0      4      0    B08
 DMOM          135      0      2      0    B16
 DSLP          135      0      1      0    B08
 DVEC          135      0     11      0    I08
 DAXI          136      0      4      0    B08
 DSTE          136      0      4      0    B08
 DMOM          136      0      2      0    B16
 DSLP          136      0      1      0    B08
 DVEC          136      0     11      0    I08
 DAXI          137      0      4      0    B08
 DSTE          137      0      4      0    B08
 DMOM          137      0      2      0    B16
 DSLP          137      0      1      0    B08
 DVEC          137      0     11      0    I08
 DAXI          138      0      4      0    B08
 DSTE          138      0      4      0    B08
 DMOM          138      0      2      0    B16
 DSLP          138      0      1      0    B08
 DVEC          138      0     11      0    I08
 DAXI          139      0      4      0    B08
 DSTE          139      0      4      0    B08
 DMOM          139      0      2      0    B16
 DSLP          139      0      1      0    B08
 DVEC          139      0     11      0    I08
 DAXI          140      0      4      0    B08
 DSTE          140      0      4      0    B08
 DMOM          140      0      2      0    B16
 DSLP          140      0      1      0    B08
 DVEC          140      0     11      0    I08
 DAXI          141      0      4      0    B08
 DSTE          141      0      4      0    B08
 DMOM          141      0      2      0    B16
 DSLP          141      0      1      0    B08
 DVEC          141      0     11      0    I08
prlib: New dictionary are created.

  Nroads = 7040983
   7375  19801  30953  36378  38834  40886  40363  40950  43371  44556
  46384  49169  51059  51988  52852  54593  55857  56810  57688  58211
  58332  58493  58596  59263  59613  59930  59415  59234  58885  58708
  57895  57463  56811  56222  55656  54728  53929  52955  52543  52341
  51945  51662  52092  51966  51933  51832  51376  50916  50312  50129
  49616  49052  48882  48513  48337  48018  48131  48067  47939  47849
  47611  47533  48837  50519  51999  54460  55972  56410  56138  55886
  54988  53282  53022  53212  53611  54606  55630  56074  57352  57928
  58759  59006  59303  60001  61080  61469  62161  62221  62439  62950
  63211  63282  63191  63327  63473  63625  63832  63800  64244  64249
  64407  64738  65091  65356  65706  66070  66228  66835  67108  67638
  68318  68614  68842  69499  69943  70328  70533  71023  71329  71733
  70791  67584  62331  53695  41415  25054  12973   9451      0      0
      0      0      0      0      0      0      0      0      0      0
      0      0
fparm_: ->CLOSE UNIT=57<-
bosClose : close local file
bosClose : Call cclose(stream=0,iobptr=0,medium=2)
-100
dictionary file closed.
fparm_: ->OPEN BGRID UNIT=55 FILE="/usr/local/clas/parms/TRLIB/bgrid_tC.fpk"<-
file[ 0]->/usr/local/clas/parms/TRLIB/bgrid_tC.fpk<-
fparm_: ->CLOSE BGRID<-
bosClose : close local file
bosClose : Call cclose(stream=0,iobptr=0,medium=2)
-100
dcminit: Read file2 for BTORU    created on Mon Nov  1 22:42:28 1999
dcminit: B-field address is 219273132
dcminit: B-field = 0.497409 x BTORU    + 0.000000 x BMINT + 0.000000 x BPOLT
dcfield: B-field address: 219273132
trinit: ifsim=0
dc_make_dgeo: Getting DC Geometry from Run 55466.
dc_maputil: reading calibration map >/usr/local/clas/parms/Maps/DC_GEOM.map< for run # 55466
-+-+-0 0.681497
-+-+-1 0.689074
-+-+-2 0.696652
-+-+-3 0.704229
-+-+-4 0.711807
-+-+-5 0.719384
-+-+-6 0.678765
-+-+-7 0.685792
-+-+-8 0.692819
-+-+-9 0.699846
-+-+-10 0.706873
-+-+-11 0.713900
-+-+-12 1.136606
-+-+-13 1.146449
-+-+-14 1.156292
-+-+-15 1.166136
-+-+-16 1.175979
-+-+-17 1.185823
-+-+-18 1.231576
-+-+-19 1.242411
-+-+-20 1.253247
-+-+-21 1.264083
-+-+-22 1.274918
-+-+-23 1.285754
-+-+-24 1.756889
-+-+-25 1.773288
-+-+-26 1.789687
-+-+-27 1.806085
-+-+-28 1.822484
-+-+-29 1.838883
-+-+-30 1.893478
-+-+-31 1.911152
-+-+-32 1.928825
-+-+-33 1.946499
-+-+-34 1.964173
-+-+-35 1.981847
trinit: calibration run# 55466
 s1
 s2
 s3
stlib: reading calibration map >/usr/local/clas/parms/Maps/STN_CALIB.map< for run # 55466
 s4
dcdcam: reading calibration file >/usr/local/clas/parms/TRLIB/cal_48_r22940.bos<
fparm_: ->OPEN INPUT1 UNIT=55 FILE='/usr/local/clas/parms/TRLIB/cal_48_r22940.bos' READ OLD BINARY<-
file[ 0]->/usr/local/clas/parms/TRLIB/cal_48_r22940.bos<-
 key = 1  name = RUNEVENT  numra = 123456  numrb = 699485  icl = 699794
 hname       numdb   ncol   nrow    nwd    format
 ---------   -----   ----   ----    ---    ---------------
 CHDR            0      8      1      8    8I
 CTRG            1      4      1      4    F
 CST             1     32      1     32    F
 CDC             1  82952      1  82952    F
utGetFpackRecord: copy 331808 bytes (82952 82952)
 CSC             1   6914      1   6914    F
 CEC             1   7777      1   7777    F
 DCTD            1  14508      1  14508    F

 Read 'sdacal.bos' file for RUNEVENT v.04 created on Wed Feb  9 11:05:28 2000

fparm_: ->CLOSE UNIT=55<-
bosClose : close local file
bosClose : Call cclose(stream=0,iobptr=0,medium=2)
-100
fparm_: ->OPEN INPUT1 UNIT=55 FILE='/usr/local/clas/parms/TRLIB/cal_48_r22940.bos' READ OLD BINARY<-
file[ 0]->/usr/local/clas/parms/TRLIB/cal_48_r22940.bos<-
 key = 1  name = RUNEVENT  numra = 123456  numrb = 699485  icl = 699794
 hname       numdb   ncol   nrow    nwd    format
 ---------   -----   ----   ----    ---    ---------------
 CHDR            0      8      1      8    8I
 CTRG            1      4      1      4    F
 CST             1     32      1     32    F
 CDC             1  82952      1  82952    F
 CSC             1   6914      1   6914    F
 CEC             1   7777      1   7777    F
 DCTD            1  14508      1  14508    F
utGetFpackRecord: copy 58032 bytes (14508 14508)

 Read 'sdacal.bos' file for RUNEVENT v.04 created on Wed Feb  9 11:05:28 2000

fparm_: ->CLOSE UNIT=55<-
bosClose : close local file
bosClose : Call cclose(stream=0,iobptr=0,medium=2)
-100
 s5
 s6
 s7
 s13
 s14
sclib: reading calibration map >/usr/local/clas/parms/Maps/SC_CALIBRATIONS.map< for run # 55466
tggetcalib: reading data file >/usr/local/clas/parms/cmon/tglib/tagETcoinc.dat< for run # 55466
tggetcalib: reading data file >/usr/local/clas/parms/cmon/tglib/tagparam.dat< for run # 55466
tggetcalib: reading data file >/usr/local/clas/parms/cmon/tglib/tagT-boundaries.dat< for run # 55466
tggetcalib: reading data file >/usr/local/clas/parms/cmon/tglib/tagE-boundaries.dat< for run # 55466
tggetcalib: reading calibration constants from MAP
tggetcalib: reading calibration map >/usr/local/clas/parms/Maps/TAG_CALIB.map< for run # 55466
fparm_: ->OPEN EVBINPUT UNIT=1 FILE="/work/boiarino/clas_055466.A01"<-
file[ 0]->/work/boiarino/clas_055466.A01<-
bosopen: error in copen = 5
fparm: opening error !!!
