This file contains any messages produced by compilers while
running configure, to aid debugging if configure makes a mistake.

It was created by Device::SerialPort configure 1.2.0, which was
generated by GNU Autoconf 2.59.  Invocation command line was

  $ ./configure 

## --------- ##
## Platform. ##
## --------- ##

hostname = jlab12daq
uname -m = i686
uname -r = 2.6.18-274.7.1.el5PAE
uname -s = Linux
uname -v = #1 SMP Mon Oct 17 12:05:46 EDT 2011

/usr/bin/uname -p = unknown
/bin/uname -X     = unknown

/bin/arch              = i686
/usr/bin/arch -k       = unknown
/usr/convex/getsysinfo = unknown
hostinfo               = unknown
/bin/machine           = unknown
/usr/bin/oslevel       = unknown
/bin/universe          = unknown

PATH: /apps/Trolltech/Qt/bin
PATH: /apps/root/bin
PATH: /etc/ant/bin
PATH: .
PATH: /home/clasrun/bin
PATH: /apps/cernlib/2006/bin
PATH: /bin
PATH: /usr/bin
PATH: /usr/sbin
PATH: /opt/SUNWspro/bin
PATH: /usr/ucb
PATH: /usr/ccs/bin
PATH: /apps/bin
PATH: /usr/openwin/bin
PATH: /opt/sfw/bin
PATH: /usr/sfw/bin
PATH: /usr/local/bin
PATH: /apps/smartsockets/ss68/bin
PATH: /apps/smartsockets/ss68/bin/i86_linux
PATH: /usr/local/clas/devel/coda/Linux_i686/bin
PATH: /usr/local/clas/devel/coda/common/scripts
PATH: /usr/local/clas/devel/coda/src/CDEV/bin/Linux
PATH: /usr/local/clas/devel/clon/Linux_i686/bin
PATH: /usr/local/clas/devel/clon/common/scripts
PATH: /usr/local/clas/devel/clon/bin
PATH: /usr/local/clas/offline/clas/builds/PRODUCTION/bin/SunOS
PATH: /usr/local/clas/devel/VxWorks55/ppc/host/x86-linux/bin


## ----------- ##
## Core tests. ##
## ----------- ##

configure:1379: checking for gcc
configure:1395: found /usr/bin/gcc
configure:1405: result: gcc
configure:1649: checking for C compiler version
configure:1652: gcc --version </dev/null >&5
gcc (GCC) 4.1.2 20080704 (Red Hat 4.1.2-51)
Copyright (C) 2006 Free Software Foundation, Inc.
This is free software; see the source for copying conditions.  There is NO
warranty; not even for MERCHANTABILITY or FITNESS FOR A PARTICULAR PURPOSE.

configure:1655: $? = 0
configure:1657: gcc -v </dev/null >&5
Using built-in specs.
Target: i386-redhat-linux
Configured with: ../configure --prefix=/usr --mandir=/usr/share/man --infodir=/usr/share/info --enable-shared --enable-threads=posix --enable-checking=release --with-system-zlib --enable-__cxa_atexit --disable-libunwind-exceptions --enable-libgcj-multifile --enable-languages=c,c++,objc,obj-c++,java,fortran,ada --enable-java-awt=gtk --disable-dssi --disable-plugin --with-java-home=/usr/lib/jvm/java-1.4.2-gcj-1.4.2.0/jre --with-cpu=generic --host=i386-redhat-linux
Thread model: posix
gcc version 4.1.2 20080704 (Red Hat 4.1.2-51)
configure:1660: $? = 0
configure:1662: gcc -V </dev/null >&5
gcc: '-V' option must have argument
configure:1665: $? = 1
configure:1688: checking for C compiler default output file name
configure:1691: gcc    conftest.c  >&5
configure:1694: $? = 0
configure:1740: result: a.out
configure:1745: checking whether the C compiler works
configure:1751: ./a.out
configure:1754: $? = 0
configure:1771: result: yes
configure:1778: checking whether we are cross compiling
configure:1780: result: no
configure:1783: checking for suffix of executables
configure:1785: gcc -o conftest    conftest.c  >&5
configure:1788: $? = 0
configure:1813: result: 
configure:1819: checking for suffix of object files
configure:1840: gcc -c   conftest.c >&5
configure:1843: $? = 0
configure:1865: result: o
configure:1869: checking whether we are using the GNU C compiler
configure:1893: gcc -c   conftest.c >&5
configure:1899: $? = 0
configure:1902: test -z 			 || test ! -s conftest.err
configure:1905: $? = 0
configure:1908: test -s conftest.o
configure:1911: $? = 0
configure:1924: result: yes
configure:1930: checking whether gcc accepts -g
configure:1951: gcc -c -g  conftest.c >&5
configure:1957: $? = 0
configure:1960: test -z 			 || test ! -s conftest.err
configure:1963: $? = 0
configure:1966: test -s conftest.o
configure:1969: $? = 0
configure:1980: result: yes
configure:1997: checking for gcc option to accept ANSI C
configure:2067: gcc  -c -g -O2  conftest.c >&5
configure:2073: $? = 0
configure:2076: test -z 			 || test ! -s conftest.err
configure:2079: $? = 0
configure:2082: test -s conftest.o
configure:2085: $? = 0
configure:2103: result: none needed
configure:2121: gcc -c -g -O2  conftest.c >&5
conftest.c:2: error: expected '=', ',', ';', 'asm' or '__attribute__' before 'me'
configure:2127: $? = 1
configure: failed program was:
| #ifndef __cplusplus
|   choke me
| #endif
configure:2264: checking how to run the C preprocessor
configure:2299: gcc -E  conftest.c
configure:2305: $? = 0
configure:2337: gcc -E  conftest.c
conftest.c:9:28: error: ac_nonexistent.h: No such file or directory
configure:2343: $? = 1
configure: failed program was:
| /* confdefs.h.  */
| 
| #define PACKAGE_NAME "Device::SerialPort"
| #define PACKAGE_TARNAME "device--serialport"
| #define PACKAGE_VERSION "1.2.0"
| #define PACKAGE_STRING "Device::SerialPort 1.2.0"
| #define PACKAGE_BUGREPORT "devser-bugs@outflux.net"
| /* end confdefs.h.  */
| #include <ac_nonexistent.h>
configure:2382: result: gcc -E
configure:2406: gcc -E  conftest.c
configure:2412: $? = 0
configure:2444: gcc -E  conftest.c
conftest.c:9:28: error: ac_nonexistent.h: No such file or directory
configure:2450: $? = 1
configure: failed program was:
| /* confdefs.h.  */
| 
| #define PACKAGE_NAME "Device::SerialPort"
| #define PACKAGE_TARNAME "device--serialport"
| #define PACKAGE_VERSION "1.2.0"
| #define PACKAGE_STRING "Device::SerialPort 1.2.0"
| #define PACKAGE_BUGREPORT "devser-bugs@outflux.net"
| /* end confdefs.h.  */
| #include <ac_nonexistent.h>
configure:2494: checking for egrep
configure:2504: result: grep -E
configure:2509: checking for ANSI C header files
configure:2534: gcc -c -g -O2  conftest.c >&5
configure:2540: $? = 0
configure:2543: test -z 			 || test ! -s conftest.err
configure:2546: $? = 0
configure:2549: test -s conftest.o
configure:2552: $? = 0
configure:2641: gcc -o conftest -g -O2   conftest.c  >&5
conftest.c: In function 'main':
conftest.c:26: warning: incompatible implicit declaration of built-in function 'exit'
configure:2644: $? = 0
configure:2646: ./conftest
configure:2649: $? = 0
configure:2664: result: yes
configure:2674: checking for library containing strerror
configure:2704: gcc -o conftest -g -O2   conftest.c  >&5
configure:2710: $? = 0
configure:2713: test -z 			 || test ! -s conftest.err
configure:2716: $? = 0
configure:2719: test -s conftest
configure:2722: $? = 0
configure:2791: result: none required
configure:2813: checking for sys/types.h
configure:2829: gcc -c -g -O2  conftest.c >&5
configure:2835: $? = 0
configure:2838: test -z 			 || test ! -s conftest.err
configure:2841: $? = 0
configure:2844: test -s conftest.o
configure:2847: $? = 0
configure:2858: result: yes
configure:2813: checking for sys/stat.h
configure:2829: gcc -c -g -O2  conftest.c >&5
configure:2835: $? = 0
configure:2838: test -z 			 || test ! -s conftest.err
configure:2841: $? = 0
configure:2844: test -s conftest.o
configure:2847: $? = 0
configure:2858: result: yes
configure:2813: checking for stdlib.h
configure:2829: gcc -c -g -O2  conftest.c >&5
configure:2835: $? = 0
configure:2838: test -z 			 || test ! -s conftest.err
configure:2841: $? = 0
configure:2844: test -s conftest.o
configure:2847: $? = 0
configure:2858: result: yes
configure:2813: checking for string.h
configure:2829: gcc -c -g -O2  conftest.c >&5
configure:2835: $? = 0
configure:2838: test -z 			 || test ! -s conftest.err
configure:2841: $? = 0
configure:2844: test -s conftest.o
configure:2847: $? = 0
configure:2858: result: yes
configure:2813: checking for memory.h
configure:2829: gcc -c -g -O2  conftest.c >&5
configure:2835: $? = 0
configure:2838: test -z 			 || test ! -s conftest.err
configure:2841: $? = 0
configure:2844: test -s conftest.o
configure:2847: $? = 0
configure:2858: result: yes
configure:2813: checking for strings.h
configure:2829: gcc -c -g -O2  conftest.c >&5
configure:2835: $? = 0
configure:2838: test -z 			 || test ! -s conftest.err
configure:2841: $? = 0
configure:2844: test -s conftest.o
configure:2847: $? = 0
configure:2858: result: yes
configure:2813: checking for inttypes.h
configure:2829: gcc -c -g -O2  conftest.c >&5
configure:2835: $? = 0
configure:2838: test -z 			 || test ! -s conftest.err
configure:2841: $? = 0
configure:2844: test -s conftest.o
configure:2847: $? = 0
configure:2858: result: yes
configure:2813: checking for stdint.h
configure:2829: gcc -c -g -O2  conftest.c >&5
configure:2835: $? = 0
configure:2838: test -z 			 || test ! -s conftest.err
configure:2841: $? = 0
configure:2844: test -s conftest.o
configure:2847: $? = 0
configure:2858: result: yes
configure:2813: checking for unistd.h
configure:2829: gcc -c -g -O2  conftest.c >&5
configure:2835: $? = 0
configure:2838: test -z 			 || test ! -s conftest.err
configure:2841: $? = 0
configure:2844: test -s conftest.o
configure:2847: $? = 0
configure:2858: result: yes
configure:2884: checking sys/ioctl.h usability
configure:2896: gcc -c -g -O2  conftest.c >&5
configure:2902: $? = 0
configure:2905: test -z 			 || test ! -s conftest.err
configure:2908: $? = 0
configure:2911: test -s conftest.o
configure:2914: $? = 0
configure:2924: result: yes
configure:2928: checking sys/ioctl.h presence
configure:2938: gcc -E  conftest.c
configure:2944: $? = 0
configure:2964: result: yes
configure:2999: checking for sys/ioctl.h
configure:3006: result: yes
configure:3032: checking termios.h usability
configure:3044: gcc -c -g -O2  conftest.c >&5
configure:3050: $? = 0
configure:3053: test -z 			 || test ! -s conftest.err
configure:3056: $? = 0
configure:3059: test -s conftest.o
configure:3062: $? = 0
configure:3072: result: yes
configure:3076: checking termios.h presence
configure:3086: gcc -E  conftest.c
configure:3092: $? = 0
configure:3112: result: yes
configure:3147: checking for termios.h
configure:3154: result: yes
configure:3180: checking sys/termiox.h usability
configure:3192: gcc -c -g -O2  conftest.c >&5
conftest.c:55:25: error: sys/termiox.h: No such file or directory
configure:3198: $? = 1
configure: failed program was:
| /* confdefs.h.  */
| 
| #define PACKAGE_NAME "Device::SerialPort"
| #define PACKAGE_TARNAME "device--serialport"
| #define PACKAGE_VERSION "1.2.0"
| #define PACKAGE_STRING "Device::SerialPort 1.2.0"
| #define PACKAGE_BUGREPORT "devser-bugs@outflux.net"
| #define STDC_HEADERS 1
| #define HAVE_SYS_TYPES_H 1
| #define HAVE_SYS_STAT_H 1
| #define HAVE_STDLIB_H 1
| #define HAVE_STRING_H 1
| #define HAVE_MEMORY_H 1
| #define HAVE_STRINGS_H 1
| #define HAVE_INTTYPES_H 1
| #define HAVE_STDINT_H 1
| #define HAVE_UNISTD_H 1
| #define HAVE_SYS_IOCTL_H 1
| #define HAVE_TERMIOS_H 1
| /* end confdefs.h.  */
| #include <stdio.h>
| #if HAVE_SYS_TYPES_H
| # include <sys/types.h>
| #endif
| #if HAVE_SYS_STAT_H
| # include <sys/stat.h>
| #endif
| #if STDC_HEADERS
| # include <stdlib.h>
| # include <stddef.h>
| #else
| # if HAVE_STDLIB_H
| #  include <stdlib.h>
| # endif
| #endif
| #if HAVE_STRING_H
| # if !STDC_HEADERS && HAVE_MEMORY_H
| #  include <memory.h>
| # endif
| # include <string.h>
| #endif
| #if HAVE_STRINGS_H
| # include <strings.h>
| #endif
| #if HAVE_INTTYPES_H
| # include <inttypes.h>
| #else
| # if HAVE_STDINT_H
| #  include <stdint.h>
| # endif
| #endif
| #if HAVE_UNISTD_H
| # include <unistd.h>
| #endif
| #include <sys/termiox.h>
configure:3220: result: no
configure:3224: checking sys/termiox.h presence
configure:3234: gcc -E  conftest.c
conftest.c:21:25: error: sys/termiox.h: No such file or directory
configure:3240: $? = 1
configure: failed program was:
| /* confdefs.h.  */
| 
| #define PACKAGE_NAME "Device::SerialPort"
| #define PACKAGE_TARNAME "device--serialport"
| #define PACKAGE_VERSION "1.2.0"
| #define PACKAGE_STRING "Device::SerialPort 1.2.0"
| #define PACKAGE_BUGREPORT "devser-bugs@outflux.net"
| #define STDC_HEADERS 1
| #define HAVE_SYS_TYPES_H 1
| #define HAVE_SYS_STAT_H 1
| #define HAVE_STDLIB_H 1
| #define HAVE_STRING_H 1
| #define HAVE_MEMORY_H 1
| #define HAVE_STRINGS_H 1
| #define HAVE_INTTYPES_H 1
| #define HAVE_STDINT_H 1
| #define HAVE_UNISTD_H 1
| #define HAVE_SYS_IOCTL_H 1
| #define HAVE_TERMIOS_H 1
| /* end confdefs.h.  */
| #include <sys/termiox.h>
configure:3260: result: no
configure:3295: checking for sys/termiox.h
configure:3302: result: no
configure:3328: checking sys/termios.h usability
configure:3340: gcc -c -g -O2  conftest.c >&5
configure:3346: $? = 0
configure:3349: test -z 			 || test ! -s conftest.err
configure:3352: $? = 0
configure:3355: test -s conftest.o
configure:3358: $? = 0
configure:3368: result: yes
configure:3372: checking sys/termios.h presence
configure:3382: gcc -E  conftest.c
configure:3388: $? = 0
configure:3408: result: yes
configure:3443: checking for sys/termios.h
configure:3450: result: yes
configure:3476: checking sys/ttycom.h usability
configure:3488: gcc -c -g -O2  conftest.c >&5
conftest.c:56:24: error: sys/ttycom.h: No such file or directory
configure:3494: $? = 1
configure: failed program was:
| /* confdefs.h.  */
| 
| #define PACKAGE_NAME "Device::SerialPort"
| #define PACKAGE_TARNAME "device--serialport"
| #define PACKAGE_VERSION "1.2.0"
| #define PACKAGE_STRING "Device::SerialPort 1.2.0"
| #define PACKAGE_BUGREPORT "devser-bugs@outflux.net"
| #define STDC_HEADERS 1
| #define HAVE_SYS_TYPES_H 1
| #define HAVE_SYS_STAT_H 1
| #define HAVE_STDLIB_H 1
| #define HAVE_STRING_H 1
| #define HAVE_MEMORY_H 1
| #define HAVE_STRINGS_H 1
| #define HAVE_INTTYPES_H 1
| #define HAVE_STDINT_H 1
| #define HAVE_UNISTD_H 1
| #define HAVE_SYS_IOCTL_H 1
| #define HAVE_TERMIOS_H 1
| #define HAVE_SYS_TERMIOS_H 1
| /* end confdefs.h.  */
| #include <stdio.h>
| #if HAVE_SYS_TYPES_H
| # include <sys/types.h>
| #endif
| #if HAVE_SYS_STAT_H
| # include <sys/stat.h>
| #endif
| #if STDC_HEADERS
| # include <stdlib.h>
| # include <stddef.h>
| #else
| # if HAVE_STDLIB_H
| #  include <stdlib.h>
| # endif
| #endif
| #if HAVE_STRING_H
| # if !STDC_HEADERS && HAVE_MEMORY_H
| #  include <memory.h>
| # endif
| # include <string.h>
| #endif
| #if HAVE_STRINGS_H
| # include <strings.h>
| #endif
| #if HAVE_INTTYPES_H
| # include <inttypes.h>
| #else
| # if HAVE_STDINT_H
| #  include <stdint.h>
| # endif
| #endif
| #if HAVE_UNISTD_H
| # include <unistd.h>
| #endif
| #include <sys/ttycom.h>
configure:3516: result: no
configure:3520: checking sys/ttycom.h presence
configure:3530: gcc -E  conftest.c
conftest.c:22:24: error: sys/ttycom.h: No such file or directory
configure:3536: $? = 1
configure: failed program was:
| /* confdefs.h.  */
| 
| #define PACKAGE_NAME "Device::SerialPort"
| #define PACKAGE_TARNAME "device--serialport"
| #define PACKAGE_VERSION "1.2.0"
| #define PACKAGE_STRING "Device::SerialPort 1.2.0"
| #define PACKAGE_BUGREPORT "devser-bugs@outflux.net"
| #define STDC_HEADERS 1
| #define HAVE_SYS_TYPES_H 1
| #define HAVE_SYS_STAT_H 1
| #define HAVE_STDLIB_H 1
| #define HAVE_STRING_H 1
| #define HAVE_MEMORY_H 1
| #define HAVE_STRINGS_H 1
| #define HAVE_INTTYPES_H 1
| #define HAVE_STDINT_H 1
| #define HAVE_UNISTD_H 1
| #define HAVE_SYS_IOCTL_H 1
| #define HAVE_TERMIOS_H 1
| #define HAVE_SYS_TERMIOS_H 1
| /* end confdefs.h.  */
| #include <sys/ttycom.h>
configure:3556: result: no
configure:3591: checking for sys/ttycom.h
configure:3598: result: no
configure:3624: checking sys/modem.h usability
configure:3636: gcc -c -g -O2  conftest.c >&5
conftest.c:56:23: error: sys/modem.h: No such file or directory
configure:3642: $? = 1
configure: failed program was:
| /* confdefs.h.  */
| 
| #define PACKAGE_NAME "Device::SerialPort"
| #define PACKAGE_TARNAME "device--serialport"
| #define PACKAGE_VERSION "1.2.0"
| #define PACKAGE_STRING "Device::SerialPort 1.2.0"
| #define PACKAGE_BUGREPORT "devser-bugs@outflux.net"
| #define STDC_HEADERS 1
| #define HAVE_SYS_TYPES_H 1
| #define HAVE_SYS_STAT_H 1
| #define HAVE_STDLIB_H 1
| #define HAVE_STRING_H 1
| #define HAVE_MEMORY_H 1
| #define HAVE_STRINGS_H 1
| #define HAVE_INTTYPES_H 1
| #define HAVE_STDINT_H 1
| #define HAVE_UNISTD_H 1
| #define HAVE_SYS_IOCTL_H 1
| #define HAVE_TERMIOS_H 1
| #define HAVE_SYS_TERMIOS_H 1
| /* end confdefs.h.  */
| #include <stdio.h>
| #if HAVE_SYS_TYPES_H
| # include <sys/types.h>
| #endif
| #if HAVE_SYS_STAT_H
| # include <sys/stat.h>
| #endif
| #if STDC_HEADERS
| # include <stdlib.h>
| # include <stddef.h>
| #else
| # if HAVE_STDLIB_H
| #  include <stdlib.h>
| # endif
| #endif
| #if HAVE_STRING_H
| # if !STDC_HEADERS && HAVE_MEMORY_H
| #  include <memory.h>
| # endif
| # include <string.h>
| #endif
| #if HAVE_STRINGS_H
| # include <strings.h>
| #endif
| #if HAVE_INTTYPES_H
| # include <inttypes.h>
| #else
| # if HAVE_STDINT_H
| #  include <stdint.h>
| # endif
| #endif
| #if HAVE_UNISTD_H
| # include <unistd.h>
| #endif
| #include <sys/modem.h>
configure:3664: result: no
configure:3668: checking sys/modem.h presence
configure:3678: gcc -E  conftest.c
conftest.c:22:23: error: sys/modem.h: No such file or directory
configure:3684: $? = 1
configure: failed program was:
| /* confdefs.h.  */
| 
| #define PACKAGE_NAME "Device::SerialPort"
| #define PACKAGE_TARNAME "device--serialport"
| #define PACKAGE_VERSION "1.2.0"
| #define PACKAGE_STRING "Device::SerialPort 1.2.0"
| #define PACKAGE_BUGREPORT "devser-bugs@outflux.net"
| #define STDC_HEADERS 1
| #define HAVE_SYS_TYPES_H 1
| #define HAVE_SYS_STAT_H 1
| #define HAVE_STDLIB_H 1
| #define HAVE_STRING_H 1
| #define HAVE_MEMORY_H 1
| #define HAVE_STRINGS_H 1
| #define HAVE_INTTYPES_H 1
| #define HAVE_STDINT_H 1
| #define HAVE_UNISTD_H 1
| #define HAVE_SYS_IOCTL_H 1
| #define HAVE_TERMIOS_H 1
| #define HAVE_SYS_TERMIOS_H 1
| /* end confdefs.h.  */
| #include <sys/modem.h>
configure:3704: result: no
configure:3739: checking for sys/modem.h
configure:3746: result: no
configure:3781: checking definition of _SC_CLK_TCK
configure:3822: gcc -o conftest -g -O2   conftest.c  >&5
configure:3828: $? = 0
configure:3831: test -z 			 || test ! -s conftest.err
configure:3834: $? = 0
configure:3837: test -s conftest
configure:3840: $? = 0
configure:3844: result: found
configure:3781: checking definition of TIOCMBIS
configure:3822: gcc -o conftest -g -O2   conftest.c  >&5
configure:3828: $? = 0
configure:3831: test -z 			 || test ! -s conftest.err
configure:3834: $? = 0
configure:3837: test -s conftest
configure:3840: $? = 0
configure:3844: result: found
configure:3781: checking definition of TIOCMBIC
configure:3822: gcc -o conftest -g -O2   conftest.c  >&5
configure:3828: $? = 0
configure:3831: test -z 			 || test ! -s conftest.err
configure:3834: $? = 0
configure:3837: test -s conftest
configure:3840: $? = 0
configure:3844: result: found
configure:3781: checking definition of TIOCMGET
configure:3822: gcc -o conftest -g -O2   conftest.c  >&5
configure:3828: $? = 0
configure:3831: test -z 			 || test ! -s conftest.err
configure:3834: $? = 0
configure:3837: test -s conftest
configure:3840: $? = 0
configure:3844: result: found
configure:3781: checking definition of CRTSCTS
configure:3822: gcc -o conftest -g -O2   conftest.c  >&5
configure:3828: $? = 0
configure:3831: test -z 			 || test ! -s conftest.err
configure:3834: $? = 0
configure:3837: test -s conftest
configure:3840: $? = 0
configure:3844: result: found
configure:3781: checking definition of OCRNL
configure:3822: gcc -o conftest -g -O2   conftest.c  >&5
configure:3828: $? = 0
configure:3831: test -z 			 || test ! -s conftest.err
configure:3834: $? = 0
configure:3837: test -s conftest
configure:3840: $? = 0
configure:3844: result: found
configure:3781: checking definition of ONLCR
configure:3822: gcc -o conftest -g -O2   conftest.c  >&5
configure:3828: $? = 0
configure:3831: test -z 			 || test ! -s conftest.err
configure:3834: $? = 0
configure:3837: test -s conftest
configure:3840: $? = 0
configure:3844: result: found
configure:3781: checking definition of ECHOKE
configure:3822: gcc -o conftest -g -O2   conftest.c  >&5
configure:3828: $? = 0
configure:3831: test -z 			 || test ! -s conftest.err
configure:3834: $? = 0
configure:3837: test -s conftest
configure:3840: $? = 0
configure:3844: result: found
configure:3781: checking definition of ECHOCTL
configure:3822: gcc -o conftest -g -O2   conftest.c  >&5
configure:3828: $? = 0
configure:3831: test -z 			 || test ! -s conftest.err
configure:3834: $? = 0
configure:3837: test -s conftest
configure:3840: $? = 0
configure:3844: result: found
configure:3781: checking definition of TIOCM_CAR
configure:3822: gcc -o conftest -g -O2   conftest.c  >&5
configure:3828: $? = 0
configure:3831: test -z 			 || test ! -s conftest.err
configure:3834: $? = 0
configure:3837: test -s conftest
configure:3840: $? = 0
configure:3844: result: found
configure:3781: checking definition of TIOCM_CD
configure:3822: gcc -o conftest -g -O2   conftest.c  >&5
configure:3828: $? = 0
configure:3831: test -z 			 || test ! -s conftest.err
configure:3834: $? = 0
configure:3837: test -s conftest
configure:3840: $? = 0
configure:3844: result: found
configure:3781: checking definition of TIOCM_RNG
configure:3822: gcc -o conftest -g -O2   conftest.c  >&5
configure:3828: $? = 0
configure:3831: test -z 			 || test ! -s conftest.err
configure:3834: $? = 0
configure:3837: test -s conftest
configure:3840: $? = 0
configure:3844: result: found
configure:3781: checking definition of TIOCM_RI
configure:3822: gcc -o conftest -g -O2   conftest.c  >&5
configure:3828: $? = 0
configure:3831: test -z 			 || test ! -s conftest.err
configure:3834: $? = 0
configure:3837: test -s conftest
configure:3840: $? = 0
configure:3844: result: found
configure:3781: checking definition of TIOCM_CTS
configure:3822: gcc -o conftest -g -O2   conftest.c  >&5
configure:3828: $? = 0
configure:3831: test -z 			 || test ! -s conftest.err
configure:3834: $? = 0
configure:3837: test -s conftest
configure:3840: $? = 0
configure:3844: result: found
configure:3781: checking definition of TIOCM_DSR
configure:3822: gcc -o conftest -g -O2   conftest.c  >&5
configure:3828: $? = 0
configure:3831: test -z 			 || test ! -s conftest.err
configure:3834: $? = 0
configure:3837: test -s conftest
configure:3840: $? = 0
configure:3844: result: found
configure:3781: checking definition of TIOCMIWAIT
configure:3822: gcc -o conftest -g -O2   conftest.c  >&5
configure:3828: $? = 0
configure:3831: test -z 			 || test ! -s conftest.err
configure:3834: $? = 0
configure:3837: test -s conftest
configure:3840: $? = 0
configure:3844: result: found
configure:3781: checking definition of TIOCGICOUNT
configure:3822: gcc -o conftest -g -O2   conftest.c  >&5
configure:3828: $? = 0
configure:3831: test -z 			 || test ! -s conftest.err
configure:3834: $? = 0
configure:3837: test -s conftest
configure:3840: $? = 0
configure:3844: result: found
configure:3781: checking definition of TIOCINQ
configure:3822: gcc -o conftest -g -O2   conftest.c  >&5
configure:3828: $? = 0
configure:3831: test -z 			 || test ! -s conftest.err
configure:3834: $? = 0
configure:3837: test -s conftest
configure:3840: $? = 0
configure:3844: result: found
configure:3781: checking definition of TIOCOUTQ
configure:3822: gcc -o conftest -g -O2   conftest.c  >&5
configure:3828: $? = 0
configure:3831: test -z 			 || test ! -s conftest.err
configure:3834: $? = 0
configure:3837: test -s conftest
configure:3840: $? = 0
configure:3844: result: found
configure:3781: checking definition of TIOCSER_TEMT
configure:3822: gcc -o conftest -g -O2   conftest.c  >&5
configure:3828: $? = 0
configure:3831: test -z 			 || test ! -s conftest.err
configure:3834: $? = 0
configure:3837: test -s conftest
configure:3840: $? = 0
configure:3844: result: found
configure:3781: checking definition of TIOCM_LE
configure:3822: gcc -o conftest -g -O2   conftest.c  >&5
configure:3828: $? = 0
configure:3831: test -z 			 || test ! -s conftest.err
configure:3834: $? = 0
configure:3837: test -s conftest
configure:3840: $? = 0
configure:3844: result: found
configure:3781: checking definition of TIOCSERGETLSR
configure:3822: gcc -o conftest -g -O2   conftest.c  >&5
configure:3828: $? = 0
configure:3831: test -z 			 || test ! -s conftest.err
configure:3834: $? = 0
configure:3837: test -s conftest
configure:3840: $? = 0
configure:3844: result: found
configure:3781: checking definition of TIOCSDTR
configure:3822: gcc -o conftest -g -O2   conftest.c  >&5
conftest.c: In function 'main':
conftest.c:48: error: 'TIOCSDTR' undeclared (first use in this function)
conftest.c:48: error: (Each undeclared identifier is reported only once
conftest.c:48: error: for each function it appears in.)
configure:3828: $? = 1
configure: failed program was:
| /* confdefs.h.  */
| 
| #define PACKAGE_NAME "Device::SerialPort"
| #define PACKAGE_TARNAME "device--serialport"
| #define PACKAGE_VERSION "1.2.0"
| #define PACKAGE_STRING "Device::SerialPort 1.2.0"
| #define PACKAGE_BUGREPORT "devser-bugs@outflux.net"
| #define STDC_HEADERS 1
| #define HAVE_SYS_TYPES_H 1
| #define HAVE_SYS_STAT_H 1
| #define HAVE_STDLIB_H 1
| #define HAVE_STRING_H 1
| #define HAVE_MEMORY_H 1
| #define HAVE_STRINGS_H 1
| #define HAVE_INTTYPES_H 1
| #define HAVE_STDINT_H 1
| #define HAVE_UNISTD_H 1
| #define HAVE_SYS_IOCTL_H 1
| #define HAVE_TERMIOS_H 1
| #define HAVE_SYS_TERMIOS_H 1
| /* end confdefs.h.  */
| 
| #ifdef HAVE_UNISTD_H
| # include <unistd.h>
| #endif
| #ifdef HAVE_SYS_IOCTL_H
| # include <sys/ioctl.h>
| #endif
| #ifdef HAVE_TERMIOS_H
| # include <termios.h>
| #endif
| #ifdef HAVE_SYS_TERMIOX_H
| # include <sys/termiox.h>
| #endif
| #ifdef HAVE_SYS_TERMIOS_H
| # include <sys/termios.h>
| #endif
| #ifdef HAVE_SYS_TTYCOM_H
| # include <sys/ttycom.h>
| #endif
| #ifdef HAVE_SYS_MODEM_H
| # include <sys/modem.h>
| #endif
| 
| int
| main ()
| {
| int a=TIOCSDTR
|   ;
|   return 0;
| }
| 
configure:3853: result: missing
configure:3781: checking definition of TIOCCDTR
configure:3822: gcc -o conftest -g -O2   conftest.c  >&5
conftest.c: In function 'main':
conftest.c:48: error: 'TIOCCDTR' undeclared (first use in this function)
conftest.c:48: error: (Each undeclared identifier is reported only once
conftest.c:48: error: for each function it appears in.)
configure:3828: $? = 1
configure: failed program was:
| /* confdefs.h.  */
| 
| #define PACKAGE_NAME "Device::SerialPort"
| #define PACKAGE_TARNAME "device--serialport"
| #define PACKAGE_VERSION "1.2.0"
| #define PACKAGE_STRING "Device::SerialPort 1.2.0"
| #define PACKAGE_BUGREPORT "devser-bugs@outflux.net"
| #define STDC_HEADERS 1
| #define HAVE_SYS_TYPES_H 1
| #define HAVE_SYS_STAT_H 1
| #define HAVE_STDLIB_H 1
| #define HAVE_STRING_H 1
| #define HAVE_MEMORY_H 1
| #define HAVE_STRINGS_H 1
| #define HAVE_INTTYPES_H 1
| #define HAVE_STDINT_H 1
| #define HAVE_UNISTD_H 1
| #define HAVE_SYS_IOCTL_H 1
| #define HAVE_TERMIOS_H 1
| #define HAVE_SYS_TERMIOS_H 1
| /* end confdefs.h.  */
| 
| #ifdef HAVE_UNISTD_H
| # include <unistd.h>
| #endif
| #ifdef HAVE_SYS_IOCTL_H
| # include <sys/ioctl.h>
| #endif
| #ifdef HAVE_TERMIOS_H
| # include <termios.h>
| #endif
| #ifdef HAVE_SYS_TERMIOX_H
| # include <sys/termiox.h>
| #endif
| #ifdef HAVE_SYS_TERMIOS_H
| # include <sys/termios.h>
| #endif
| #ifdef HAVE_SYS_TTYCOM_H
| # include <sys/ttycom.h>
| #endif
| #ifdef HAVE_SYS_MODEM_H
| # include <sys/modem.h>
| #endif
| 
| int
| main ()
| {
| int a=TIOCCDTR
|   ;
|   return 0;
| }
| 
configure:3853: result: missing
configure:3781: checking definition of TIOCM_RTS
configure:3822: gcc -o conftest -g -O2   conftest.c  >&5
configure:3828: $? = 0
configure:3831: test -z 			 || test ! -s conftest.err
configure:3834: $? = 0
configure:3837: test -s conftest
configure:3840: $? = 0
configure:3844: result: found
configure:3781: checking definition of TIOCM_DTR
configure:3822: gcc -o conftest -g -O2   conftest.c  >&5
configure:3828: $? = 0
configure:3831: test -z 			 || test ! -s conftest.err
configure:3834: $? = 0
configure:3837: test -s conftest
configure:3840: $? = 0
configure:3844: result: found
configure:3781: checking definition of CTSXON
configure:3822: gcc -o conftest -g -O2   conftest.c  >&5
conftest.c: In function 'main':
conftest.c:48: error: 'CTSXON' undeclared (first use in this function)
conftest.c:48: error: (Each undeclared identifier is reported only once
conftest.c:48: error: for each function it appears in.)
configure:3828: $? = 1
configure: failed program was:
| /* confdefs.h.  */
| 
| #define PACKAGE_NAME "Device::SerialPort"
| #define PACKAGE_TARNAME "device--serialport"
| #define PACKAGE_VERSION "1.2.0"
| #define PACKAGE_STRING "Device::SerialPort 1.2.0"
| #define PACKAGE_BUGREPORT "devser-bugs@outflux.net"
| #define STDC_HEADERS 1
| #define HAVE_SYS_TYPES_H 1
| #define HAVE_SYS_STAT_H 1
| #define HAVE_STDLIB_H 1
| #define HAVE_STRING_H 1
| #define HAVE_MEMORY_H 1
| #define HAVE_STRINGS_H 1
| #define HAVE_INTTYPES_H 1
| #define HAVE_STDINT_H 1
| #define HAVE_UNISTD_H 1
| #define HAVE_SYS_IOCTL_H 1
| #define HAVE_TERMIOS_H 1
| #define HAVE_SYS_TERMIOS_H 1
| /* end confdefs.h.  */
| 
| #ifdef HAVE_UNISTD_H
| # include <unistd.h>
| #endif
| #ifdef HAVE_SYS_IOCTL_H
| # include <sys/ioctl.h>
| #endif
| #ifdef HAVE_TERMIOS_H
| # include <termios.h>
| #endif
| #ifdef HAVE_SYS_TERMIOX_H
| # include <sys/termiox.h>
| #endif
| #ifdef HAVE_SYS_TERMIOS_H
| # include <sys/termios.h>
| #endif
| #ifdef HAVE_SYS_TTYCOM_H
| # include <sys/ttycom.h>
| #endif
| #ifdef HAVE_SYS_MODEM_H
| # include <sys/modem.h>
| #endif
| 
| int
| main ()
| {
| int a=CTSXON
|   ;
|   return 0;
| }
| 
configure:3853: result: missing
configure:3781: checking definition of RTSXOFF
configure:3822: gcc -o conftest -g -O2   conftest.c  >&5
conftest.c: In function 'main':
conftest.c:48: error: 'RTSXOFF' undeclared (first use in this function)
conftest.c:48: error: (Each undeclared identifier is reported only once
conftest.c:48: error: for each function it appears in.)
configure:3828: $? = 1
configure: failed program was:
| /* confdefs.h.  */
| 
| #define PACKAGE_NAME "Device::SerialPort"
| #define PACKAGE_TARNAME "device--serialport"
| #define PACKAGE_VERSION "1.2.0"
| #define PACKAGE_STRING "Device::SerialPort 1.2.0"
| #define PACKAGE_BUGREPORT "devser-bugs@outflux.net"
| #define STDC_HEADERS 1
| #define HAVE_SYS_TYPES_H 1
| #define HAVE_SYS_STAT_H 1
| #define HAVE_STDLIB_H 1
| #define HAVE_STRING_H 1
| #define HAVE_MEMORY_H 1
| #define HAVE_STRINGS_H 1
| #define HAVE_INTTYPES_H 1
| #define HAVE_STDINT_H 1
| #define HAVE_UNISTD_H 1
| #define HAVE_SYS_IOCTL_H 1
| #define HAVE_TERMIOS_H 1
| #define HAVE_SYS_TERMIOS_H 1
| /* end confdefs.h.  */
| 
| #ifdef HAVE_UNISTD_H
| # include <unistd.h>
| #endif
| #ifdef HAVE_SYS_IOCTL_H
| # include <sys/ioctl.h>
| #endif
| #ifdef HAVE_TERMIOS_H
| # include <termios.h>
| #endif
| #ifdef HAVE_SYS_TERMIOX_H
| # include <sys/termiox.h>
| #endif
| #ifdef HAVE_SYS_TERMIOS_H
| # include <sys/termios.h>
| #endif
| #ifdef HAVE_SYS_TTYCOM_H
| # include <sys/ttycom.h>
| #endif
| #ifdef HAVE_SYS_MODEM_H
| # include <sys/modem.h>
| #endif
| 
| int
| main ()
| {
| int a=RTSXOFF
|   ;
|   return 0;
| }
| 
configure:3853: result: missing
configure:3781: checking definition of TCGETX
configure:3822: gcc -o conftest -g -O2   conftest.c  >&5
configure:3828: $? = 0
configure:3831: test -z 			 || test ! -s conftest.err
configure:3834: $? = 0
configure:3837: test -s conftest
configure:3840: $? = 0
configure:3844: result: found
configure:3781: checking definition of TCSETX
configure:3822: gcc -o conftest -g -O2   conftest.c  >&5
configure:3828: $? = 0
configure:3831: test -z 			 || test ! -s conftest.err
configure:3834: $? = 0
configure:3837: test -s conftest
configure:3840: $? = 0
configure:3844: result: found
configure:3781: checking definition of B0
configure:3822: gcc -o conftest -g -O2   conftest.c  >&5
configure:3828: $? = 0
configure:3831: test -z 			 || test ! -s conftest.err
configure:3834: $? = 0
configure:3837: test -s conftest
configure:3840: $? = 0
configure:3844: result: found
configure:3781: checking definition of B50
configure:3822: gcc -o conftest -g -O2   conftest.c  >&5
configure:3828: $? = 0
configure:3831: test -z 			 || test ! -s conftest.err
configure:3834: $? = 0
configure:3837: test -s conftest
configure:3840: $? = 0
configure:3844: result: found
configure:3781: checking definition of B75
configure:3822: gcc -o conftest -g -O2   conftest.c  >&5
configure:3828: $? = 0
configure:3831: test -z 			 || test ! -s conftest.err
configure:3834: $? = 0
configure:3837: test -s conftest
configure:3840: $? = 0
configure:3844: result: found
configure:3781: checking definition of B110
configure:3822: gcc -o conftest -g -O2   conftest.c  >&5
configure:3828: $? = 0
configure:3831: test -z 			 || test ! -s conftest.err
configure:3834: $? = 0
configure:3837: test -s conftest
configure:3840: $? = 0
configure:3844: result: found
configure:3781: checking definition of B134
configure:3822: gcc -o conftest -g -O2   conftest.c  >&5
configure:3828: $? = 0
configure:3831: test -z 			 || test ! -s conftest.err
configure:3834: $? = 0
configure:3837: test -s conftest
configure:3840: $? = 0
configure:3844: result: found
configure:3781: checking definition of B150
configure:3822: gcc -o conftest -g -O2   conftest.c  >&5
configure:3828: $? = 0
configure:3831: test -z 			 || test ! -s conftest.err
configure:3834: $? = 0
configure:3837: test -s conftest
configure:3840: $? = 0
configure:3844: result: found
configure:3781: checking definition of B200
configure:3822: gcc -o conftest -g -O2   conftest.c  >&5
configure:3828: $? = 0
configure:3831: test -z 			 || test ! -s conftest.err
configure:3834: $? = 0
configure:3837: test -s conftest
configure:3840: $? = 0
configure:3844: result: found
configure:3781: checking definition of B300
configure:3822: gcc -o conftest -g -O2   conftest.c  >&5
configure:3828: $? = 0
configure:3831: test -z 			 || test ! -s conftest.err
configure:3834: $? = 0
configure:3837: test -s conftest
configure:3840: $? = 0
configure:3844: result: found
configure:3781: checking definition of B600
configure:3822: gcc -o conftest -g -O2   conftest.c  >&5
configure:3828: $? = 0
configure:3831: test -z 			 || test ! -s conftest.err
configure:3834: $? = 0
configure:3837: test -s conftest
configure:3840: $? = 0
configure:3844: result: found
configure:3781: checking definition of B1200
configure:3822: gcc -o conftest -g -O2   conftest.c  >&5
configure:3828: $? = 0
configure:3831: test -z 			 || test ! -s conftest.err
configure:3834: $? = 0
configure:3837: test -s conftest
configure:3840: $? = 0
configure:3844: result: found
configure:3781: checking definition of B1800
configure:3822: gcc -o conftest -g -O2   conftest.c  >&5
configure:3828: $? = 0
configure:3831: test -z 			 || test ! -s conftest.err
configure:3834: $? = 0
configure:3837: test -s conftest
configure:3840: $? = 0
configure:3844: result: found
configure:3781: checking definition of B2400
configure:3822: gcc -o conftest -g -O2   conftest.c  >&5
configure:3828: $? = 0
configure:3831: test -z 			 || test ! -s conftest.err
configure:3834: $? = 0
configure:3837: test -s conftest
configure:3840: $? = 0
configure:3844: result: found
configure:3781: checking definition of B4800
configure:3822: gcc -o conftest -g -O2   conftest.c  >&5
configure:3828: $? = 0
configure:3831: test -z 			 || test ! -s conftest.err
configure:3834: $? = 0
configure:3837: test -s conftest
configure:3840: $? = 0
configure:3844: result: found
configure:3781: checking definition of B9600
configure:3822: gcc -o conftest -g -O2   conftest.c  >&5
configure:3828: $? = 0
configure:3831: test -z 			 || test ! -s conftest.err
configure:3834: $? = 0
configure:3837: test -s conftest
configure:3840: $? = 0
configure:3844: result: found
configure:3781: checking definition of B19200
configure:3822: gcc -o conftest -g -O2   conftest.c  >&5
configure:3828: $? = 0
configure:3831: test -z 			 || test ! -s conftest.err
configure:3834: $? = 0
configure:3837: test -s conftest
configure:3840: $? = 0
configure:3844: result: found
configure:3781: checking definition of B38400
configure:3822: gcc -o conftest -g -O2   conftest.c  >&5
configure:3828: $? = 0
configure:3831: test -z 			 || test ! -s conftest.err
configure:3834: $? = 0
configure:3837: test -s conftest
configure:3840: $? = 0
configure:3844: result: found
configure:3781: checking definition of B57600
configure:3822: gcc -o conftest -g -O2   conftest.c  >&5
configure:3828: $? = 0
configure:3831: test -z 			 || test ! -s conftest.err
configure:3834: $? = 0
configure:3837: test -s conftest
configure:3840: $? = 0
configure:3844: result: found
configure:3781: checking definition of B115200
configure:3822: gcc -o conftest -g -O2   conftest.c  >&5
configure:3828: $? = 0
configure:3831: test -z 			 || test ! -s conftest.err
configure:3834: $? = 0
configure:3837: test -s conftest
configure:3840: $? = 0
configure:3844: result: found
configure:3781: checking definition of B230400
configure:3822: gcc -o conftest -g -O2   conftest.c  >&5
configure:3828: $? = 0
configure:3831: test -z 			 || test ! -s conftest.err
configure:3834: $? = 0
configure:3837: test -s conftest
configure:3840: $? = 0
configure:3844: result: found
configure:3781: checking definition of B460800
configure:3822: gcc -o conftest -g -O2   conftest.c  >&5
configure:3828: $? = 0
configure:3831: test -z 			 || test ! -s conftest.err
configure:3834: $? = 0
configure:3837: test -s conftest
configure:3840: $? = 0
configure:3844: result: found
configure:3781: checking definition of B500000
configure:3822: gcc -o conftest -g -O2   conftest.c  >&5
configure:3828: $? = 0
configure:3831: test -z 			 || test ! -s conftest.err
configure:3834: $? = 0
configure:3837: test -s conftest
configure:3840: $? = 0
configure:3844: result: found
configure:3781: checking definition of B576000
configure:3822: gcc -o conftest -g -O2   conftest.c  >&5
configure:3828: $? = 0
configure:3831: test -z 			 || test ! -s conftest.err
configure:3834: $? = 0
configure:3837: test -s conftest
configure:3840: $? = 0
configure:3844: result: found
configure:3781: checking definition of B921600
configure:3822: gcc -o conftest -g -O2   conftest.c  >&5
configure:3828: $? = 0
configure:3831: test -z 			 || test ! -s conftest.err
configure:3834: $? = 0
configure:3837: test -s conftest
configure:3840: $? = 0
configure:3844: result: found
configure:3781: checking definition of B1000000
configure:3822: gcc -o conftest -g -O2   conftest.c  >&5
configure:3828: $? = 0
configure:3831: test -z 			 || test ! -s conftest.err
configure:3834: $? = 0
configure:3837: test -s conftest
configure:3840: $? = 0
configure:3844: result: found
configure:3781: checking definition of B1152000
configure:3822: gcc -o conftest -g -O2   conftest.c  >&5
configure:3828: $? = 0
configure:3831: test -z 			 || test ! -s conftest.err
configure:3834: $? = 0
configure:3837: test -s conftest
configure:3840: $? = 0
configure:3844: result: found
configure:3781: checking definition of B1500000
configure:3822: gcc -o conftest -g -O2   conftest.c  >&5
configure:3828: $? = 0
configure:3831: test -z 			 || test ! -s conftest.err
configure:3834: $? = 0
configure:3837: test -s conftest
configure:3840: $? = 0
configure:3844: result: found
configure:3781: checking definition of B2000000
configure:3822: gcc -o conftest -g -O2   conftest.c  >&5
configure:3828: $? = 0
configure:3831: test -z 			 || test ! -s conftest.err
configure:3834: $? = 0
configure:3837: test -s conftest
configure:3840: $? = 0
configure:3844: result: found
configure:3781: checking definition of B2500000
configure:3822: gcc -o conftest -g -O2   conftest.c  >&5
configure:3828: $? = 0
configure:3831: test -z 			 || test ! -s conftest.err
configure:3834: $? = 0
configure:3837: test -s conftest
configure:3840: $? = 0
configure:3844: result: found
configure:3781: checking definition of B3000000
configure:3822: gcc -o conftest -g -O2   conftest.c  >&5
configure:3828: $? = 0
configure:3831: test -z 			 || test ! -s conftest.err
configure:3834: $? = 0
configure:3837: test -s conftest
configure:3840: $? = 0
configure:3844: result: found
configure:3781: checking definition of B3500000
configure:3822: gcc -o conftest -g -O2   conftest.c  >&5
configure:3828: $? = 0
configure:3831: test -z 			 || test ! -s conftest.err
configure:3834: $? = 0
configure:3837: test -s conftest
configure:3840: $? = 0
configure:3844: result: found
configure:3781: checking definition of B4000000
configure:3822: gcc -o conftest -g -O2   conftest.c  >&5
configure:3828: $? = 0
configure:3831: test -z 			 || test ! -s conftest.err
configure:3834: $? = 0
configure:3837: test -s conftest
configure:3840: $? = 0
configure:3844: result: found
configure:3863: checking serial control via ioctl
configure:3867: result: yes
configure:3876: checking read/write of RTS signal
configure:3881: result: yes
configure:3890: checking read/write of DTR signal
configure:3895: result: yes
configure:3904: checking read access to modem lines
configure:3907: result: yes
configure:3916: checking read access to buffer status
configure:3920: result: yes
configure:3929: checking read access to serial line status
configure:3932: result: yes
configure:3941: checking normal CTS/RTS flow control
configure:3952: result: yes
configure:4051: creating ./config.status

## ---------------------- ##
## Running config.status. ##
## ---------------------- ##

This file was extended by Device::SerialPort config.status 1.2.0, which was
generated by GNU Autoconf 2.59.  Invocation command line was

  CONFIG_FILES    = 
  CONFIG_HEADERS  = 
  CONFIG_LINKS    = 
  CONFIG_COMMANDS = 
  $ ./config.status 

on jlab12daq

config.status:454: creating config.h
config.status:562: config.h is unchanged

## ---------------- ##
## Cache variables. ##
## ---------------- ##

ac_cv_c_compiler_gnu=yes
ac_cv_env_CC_set=
ac_cv_env_CC_value=
ac_cv_env_CFLAGS_set=
ac_cv_env_CFLAGS_value=
ac_cv_env_CPPFLAGS_set=
ac_cv_env_CPPFLAGS_value=
ac_cv_env_CPP_set=
ac_cv_env_CPP_value=
ac_cv_env_LDFLAGS_set=
ac_cv_env_LDFLAGS_value=
ac_cv_env_build_alias_set=
ac_cv_env_build_alias_value=
ac_cv_env_host_alias_set=
ac_cv_env_host_alias_value=
ac_cv_env_target_alias_set=
ac_cv_env_target_alias_value=
ac_cv_exeext=
ac_cv_header_inttypes_h=yes
ac_cv_header_memory_h=yes
ac_cv_header_stdc=yes
ac_cv_header_stdint_h=yes
ac_cv_header_stdlib_h=yes
ac_cv_header_string_h=yes
ac_cv_header_strings_h=yes
ac_cv_header_sys_ioctl_h=yes
ac_cv_header_sys_modem_h=no
ac_cv_header_sys_stat_h=yes
ac_cv_header_sys_termios_h=yes
ac_cv_header_sys_termiox_h=no
ac_cv_header_sys_ttycom_h=no
ac_cv_header_sys_types_h=yes
ac_cv_header_termios_h=yes
ac_cv_header_unistd_h=yes
ac_cv_objext=o
ac_cv_prog_CPP='gcc -E'
ac_cv_prog_ac_ct_CC=gcc
ac_cv_prog_cc_g=yes
ac_cv_prog_cc_stdc=
ac_cv_prog_egrep='grep -E'
ac_cv_search_strerror='none required'

## ----------------- ##
## Output variables. ##
## ----------------- ##

CC='gcc'
CFLAGS='-g -O2'
CPP='gcc -E'
CPPFLAGS=''
DEFS='-DHAVE_CONFIG_H'
ECHO_C=''
ECHO_N='-n'
ECHO_T=''
EGREP='grep -E'
EXEEXT=''
LDFLAGS=''
LIBOBJS=''
LIBS=''
LTLIBOBJS=''
OBJEXT='o'
PACKAGE_BUGREPORT='devser-bugs@outflux.net'
PACKAGE_NAME='Device::SerialPort'
PACKAGE_STRING='Device::SerialPort 1.2.0'
PACKAGE_TARNAME='device--serialport'
PACKAGE_VERSION='1.2.0'
PATH_SEPARATOR=':'
SHELL='/bin/sh'
ac_ct_CC='gcc'
bindir='${exec_prefix}/bin'
build_alias=''
datadir='${prefix}/share'
exec_prefix='${prefix}'
host_alias=''
includedir='${prefix}/include'
infodir='${prefix}/info'
libdir='${exec_prefix}/lib'
libexecdir='${exec_prefix}/libexec'
localstatedir='${prefix}/var'
mandir='${prefix}/man'
oldincludedir='/usr/include'
prefix='/usr/local'
program_transform_name='s,x,x,'
sbindir='${exec_prefix}/sbin'
sharedstatedir='${prefix}/com'
sysconfdir='${prefix}/etc'
target_alias=''

## ----------- ##
## confdefs.h. ##
## ----------- ##

#define HAVE_INTTYPES_H 1
#define HAVE_MEMORY_H 1
#define HAVE_STDINT_H 1
#define HAVE_STDLIB_H 1
#define HAVE_STRINGS_H 1
#define HAVE_STRING_H 1
#define HAVE_SYS_IOCTL_H 1
#define HAVE_SYS_STAT_H 1
#define HAVE_SYS_TERMIOS_H 1
#define HAVE_SYS_TYPES_H 1
#define HAVE_TERMIOS_H 1
#define HAVE_UNISTD_H 1
#define PACKAGE_BUGREPORT "devser-bugs@outflux.net"
#define PACKAGE_NAME "Device::SerialPort"
#define PACKAGE_STRING "Device::SerialPort 1.2.0"
#define PACKAGE_TARNAME "device--serialport"
#define PACKAGE_VERSION "1.2.0"
#define STDC_HEADERS 1

configure: exit 0
